This file contains any messages produced by compilers while
running configure, to aid debugging if configure makes a mistake.

It was created by iptables configure 1.4.12.1, which was
generated by GNU Autoconf 2.67.  Invocation command line was

  $ ./configure --host=mipsel-linux --build=i686-linux-gnu --prefix=/usr --bindir=/usr/sbin --libdir=/usr/lib --enable-ipv6 --with-kernel=/media/ASUSWRT/asuswrt/release/src-ra/linux/linux-3.x build_alias=i686-linux-gnu host_alias=mipsel-linux CC=mipsel-uclibc-gcc CFLAGS=-D__CONFIG_WPS__ -D__CONFIG_WPS__ --no-create --no-recursion

## --------- ##
## Platform. ##
## --------- ##

hostname = wireless-pub1
uname -m = i686
uname -r = 2.6.38-11-generic-pae
uname -s = Linux
uname -v = #48-Ubuntu SMP Fri Jul 29 20:51:21 UTC 2011

/usr/bin/uname -p = unknown
/bin/uname -X     = unknown

/bin/arch              = unknown
/usr/bin/arch -k       = unknown
/usr/convex/getsysinfo = unknown
/usr/bin/hostinfo      = unknown
/bin/machine           = unknown
/usr/bin/oslevel       = unknown
/bin/universe          = unknown

PATH: /media/ASUSWRT/asuswrt/release/tools
PATH: /media/ASUSWRT/asuswrt/release/tools
PATH: /media/ASUSWRT/asuswrt/release/tools
PATH: /usr/local/sbin
PATH: /usr/local/bin
PATH: /usr/sbin
PATH: /usr/bin
PATH: /sbin
PATH: /bin
PATH: /usr/games
PATH: /home/gitserv_asus/project/asuswrt/tools/brcm/K26/hndtools-mipsel-uclibc-4.2.4/mipsel-linux/bin
PATH: /home/gitserv_asus/project/asuswrt/tools/brcm/K26/hndtools-mipsel-uclibc-4.2.4/bin
PATH: /home/gitserv_asus/project/asuswrt/tools/brcm/K26/hndtools-mipsel-uclibc-4.2.4/mipsel-linux/bin
PATH: /home/gitserv_asus/project/asuswrt/tools/brcm/K26/hndtools-mipsel-uclibc-4.2.4/bin


## ----------- ##
## Core tests. ##
## ----------- ##

configure:2456: checking for a BSD-compatible install
configure:2524: result: /usr/bin/install -c
configure:2537: checking whether build environment is sane
configure:2587: result: yes
configure:2636: checking for mipsel-linux-strip
configure:2663: result: mipsel-uclibc-strip -R .note -R .comment
configure:2728: checking for a thread-safe mkdir -p
configure:2767: result: /bin/mkdir -p
configure:2780: checking for gawk
configure:2796: found /usr/bin/gawk
configure:2807: result: gawk
configure:2818: checking whether make sets $(MAKE)
configure:2840: result: yes
configure:2928: checking for mipsel-linux-gcc
configure:2955: result: mipsel-uclibc-gcc
configure:3224: checking for C compiler version
configure:3233: mipsel-uclibc-gcc --version >&5
mipsel-uclibc-gcc (GCC) 4.2.4
Copyright (C) 2007 Free Software Foundation, Inc.
This is free software; see the source for copying conditions.  There is NO
warranty; not even for MERCHANTABILITY or FITNESS FOR A PARTICULAR PURPOSE.

configure:3244: $? = 0
configure:3233: mipsel-uclibc-gcc -v >&5
Using built-in specs.
Target: mipsel-linux-uclibc
Configured with: /home/fedork/tomato/toolchain/build_dir/toolchain-mipsel_gcc4.2.4/gcc-4.2.4/configure --prefix=/opt/brcm/hndtools-mipsel-uclibc-4.2.4 --build=i486-linux-gnu --host=i486-linux-gnu --target=mipsel-linux-uclibc --with-gnu-ld --enable-target-optspace --disable-libgomp --disable-libmudflap --disable-multilib --disable-nls --disable-__cxa_atexit --enable-libssp --enable-languages=c,c++ --enable-shared --enable-threads --disable-tls
Thread model: posix
gcc version 4.2.4
configure:3244: $? = 0
configure:3233: mipsel-uclibc-gcc -V >&5
mipsel-uclibc-gcc: '-V' option must have argument
configure:3244: $? = 1
configure:3233: mipsel-uclibc-gcc -qversion >&5
mipsel-uclibc-gcc: unrecognized option '-qversion'
mipsel-uclibc-gcc: no input files
configure:3244: $? = 1
configure:3264: checking whether the C compiler works
configure:3286: mipsel-uclibc-gcc -D__CONFIG_WPS__ -D__CONFIG_WPS__   conftest.c  >&5
configure:3290: $? = 0
configure:3338: result: yes
configure:3341: checking for C compiler default output file name
configure:3343: result: a.out
configure:3349: checking for suffix of executables
configure:3356: mipsel-uclibc-gcc -o conftest -D__CONFIG_WPS__ -D__CONFIG_WPS__   conftest.c  >&5
configure:3360: $? = 0
configure:3382: result: 
configure:3404: checking whether we are cross compiling
configure:3442: result: yes
configure:3447: checking for suffix of object files
configure:3469: mipsel-uclibc-gcc -c -D__CONFIG_WPS__ -D__CONFIG_WPS__  conftest.c >&5
configure:3473: $? = 0
configure:3494: result: o
configure:3498: checking whether we are using the GNU C compiler
configure:3517: mipsel-uclibc-gcc -c -D__CONFIG_WPS__ -D__CONFIG_WPS__  conftest.c >&5
configure:3517: $? = 0
configure:3526: result: yes
configure:3535: checking whether mipsel-uclibc-gcc accepts -g
configure:3555: mipsel-uclibc-gcc -c -g  conftest.c >&5
configure:3555: $? = 0
configure:3596: result: yes
configure:3613: checking for mipsel-uclibc-gcc option to accept ISO C89
configure:3677: mipsel-uclibc-gcc  -c -D__CONFIG_WPS__ -D__CONFIG_WPS__  conftest.c >&5
configure:3677: $? = 0
configure:3690: result: none needed
configure:3721: checking for style of include used by make
configure:3749: result: GNU
configure:3774: checking dependency style of mipsel-uclibc-gcc
configure:3884: result: gcc3
configure:3900: checking whether mipsel-uclibc-gcc and cc understand -c and -o together
configure:3931: mipsel-uclibc-gcc -c conftest.c -o conftest2.o >&5
configure:3935: $? = 0
configure:3941: mipsel-uclibc-gcc -c conftest.c -o conftest2.o >&5
configure:3945: $? = 0
configure:3956: cc -c conftest.c >&5
configure:3960: $? = 0
configure:3968: cc -c conftest.c -o conftest2.o >&5
configure:3972: $? = 0
configure:3978: cc -c conftest.c -o conftest2.o >&5
configure:3982: $? = 0
configure:4000: result: yes
configure:4085: checking build system type
configure:4099: result: i686-pc-linux-gnu
configure:4119: checking host system type
configure:4132: result: mipsel-unknown-linux-gnu
configure:4173: checking how to print strings
configure:4200: result: printf
configure:4221: checking for a sed that does not truncate output
configure:4285: result: /bin/sed
configure:4303: checking for grep that handles long lines and -e
configure:4361: result: /bin/grep
configure:4366: checking for egrep
configure:4428: result: /bin/grep -E
configure:4433: checking for fgrep
configure:4495: result: /bin/grep -F
configure:4530: checking for ld used by mipsel-uclibc-gcc
configure:4597: result: mipsel-uclibc-ld
configure:4604: checking if the linker (mipsel-uclibc-ld) is GNU ld
configure:4619: result: yes
configure:4631: checking for BSD- or MS-compatible name lister (nm)
configure:4680: result: mipsel-uclibc-nm
configure:4810: checking the name lister (mipsel-uclibc-nm) interface
configure:4817: mipsel-uclibc-gcc -c -D__CONFIG_WPS__ -D__CONFIG_WPS__  conftest.c >&5
configure:4820: mipsel-uclibc-nm "conftest.o"
configure:4823: output
00000000 B some_variable
configure:4830: result: BSD nm
configure:4833: checking whether ln -s works
configure:4837: result: yes
configure:4845: checking the maximum length of command line arguments
configure:4970: result: 805306365
configure:4987: checking whether the shell understands some XSI constructs
configure:4997: result: yes
configure:5001: checking whether the shell understands "+="
configure:5007: result: yes
configure:5042: checking for mipsel-uclibc-ld option to reload object files
configure:5049: result: -r
configure:5078: checking for mipsel-linux-objdump
configure:5094: found /home/gitserv_asus/project/asuswrt/tools/brcm/K26/hndtools-mipsel-uclibc-4.2.4/bin/mipsel-linux-objdump
configure:5105: result: mipsel-linux-objdump
configure:5177: checking how to recognize dependent libraries
configure:5379: result: pass_all
configure:5399: checking for mipsel-linux-ar
configure:5426: result: mipsel-uclibc-ar
configure:5504: checking for mipsel-linux-strip
configure:5531: result: mipsel-uclibc-strip -R .note -R .comment
configure:5603: checking for mipsel-linux-ranlib
configure:5630: result: mipsel-uclibc-ranlib
configure:5772: checking command to parse mipsel-uclibc-nm output from mipsel-uclibc-gcc object
configure:5890: mipsel-uclibc-gcc -c -D__CONFIG_WPS__ -D__CONFIG_WPS__  conftest.c >&5
configure:5893: $? = 0
configure:5897: mipsel-uclibc-nm conftest.o \| sed -n -e 's/^.*[ ]\([ABCDGIRSTW][ABCDGIRSTW]*\)[ ][ ]*\([_A-Za-z][_A-Za-z0-9]*\)$/\1 \2 \2/p' \> conftest.nm
configure:5900: $? = 0
configure:5954: mipsel-uclibc-gcc -o conftest -D__CONFIG_WPS__ -D__CONFIG_WPS__   conftest.c conftstm.o >&5
configure:5957: $? = 0
configure:5995: result: ok
configure:6836: checking how to run the C preprocessor
configure:6867: mipsel-uclibc-gcc -E  conftest.c
configure:6867: $? = 0
configure:6881: mipsel-uclibc-gcc -E  conftest.c
conftest.c:11:28: error: ac_nonexistent.h: No such file or directory
configure:6881: $? = 1
configure: failed program was:
| /* confdefs.h */
| #define PACKAGE_NAME "iptables"
| #define PACKAGE_TARNAME "iptables"
| #define PACKAGE_VERSION "1.4.12.1"
| #define PACKAGE_STRING "iptables 1.4.12.1"
| #define PACKAGE_BUGREPORT ""
| #define PACKAGE_URL ""
| #define PACKAGE "iptables"
| #define VERSION "1.4.12.1"
| /* end confdefs.h.  */
| #include <ac_nonexistent.h>
configure:6906: result: mipsel-uclibc-gcc -E
configure:6926: mipsel-uclibc-gcc -E  conftest.c
configure:6926: $? = 0
configure:6940: mipsel-uclibc-gcc -E  conftest.c
conftest.c:11:28: error: ac_nonexistent.h: No such file or directory
configure:6940: $? = 1
configure: failed program was:
| /* confdefs.h */
| #define PACKAGE_NAME "iptables"
| #define PACKAGE_TARNAME "iptables"
| #define PACKAGE_VERSION "1.4.12.1"
| #define PACKAGE_STRING "iptables 1.4.12.1"
| #define PACKAGE_BUGREPORT ""
| #define PACKAGE_URL ""
| #define PACKAGE "iptables"
| #define VERSION "1.4.12.1"
| /* end confdefs.h.  */
| #include <ac_nonexistent.h>
configure:6969: checking for ANSI C header files
configure:6989: mipsel-uclibc-gcc -c -D__CONFIG_WPS__ -D__CONFIG_WPS__  conftest.c >&5
configure:6989: $? = 0
configure:7073: result: yes
configure:7086: checking for sys/types.h
configure:7086: mipsel-uclibc-gcc -c -D__CONFIG_WPS__ -D__CONFIG_WPS__  conftest.c >&5
configure:7086: $? = 0
configure:7086: result: yes
configure:7086: checking for sys/stat.h
configure:7086: mipsel-uclibc-gcc -c -D__CONFIG_WPS__ -D__CONFIG_WPS__  conftest.c >&5
configure:7086: $? = 0
configure:7086: result: yes
configure:7086: checking for stdlib.h
configure:7086: mipsel-uclibc-gcc -c -D__CONFIG_WPS__ -D__CONFIG_WPS__  conftest.c >&5
configure:7086: $? = 0
configure:7086: result: yes
configure:7086: checking for string.h
configure:7086: mipsel-uclibc-gcc -c -D__CONFIG_WPS__ -D__CONFIG_WPS__  conftest.c >&5
configure:7086: $? = 0
configure:7086: result: yes
configure:7086: checking for memory.h
configure:7086: mipsel-uclibc-gcc -c -D__CONFIG_WPS__ -D__CONFIG_WPS__  conftest.c >&5
configure:7086: $? = 0
configure:7086: result: yes
configure:7086: checking for strings.h
configure:7086: mipsel-uclibc-gcc -c -D__CONFIG_WPS__ -D__CONFIG_WPS__  conftest.c >&5
configure:7086: $? = 0
configure:7086: result: yes
configure:7086: checking for inttypes.h
configure:7086: mipsel-uclibc-gcc -c -D__CONFIG_WPS__ -D__CONFIG_WPS__  conftest.c >&5
configure:7086: $? = 0
configure:7086: result: yes
configure:7086: checking for stdint.h
configure:7086: mipsel-uclibc-gcc -c -D__CONFIG_WPS__ -D__CONFIG_WPS__  conftest.c >&5
configure:7086: $? = 0
configure:7086: result: yes
configure:7086: checking for unistd.h
configure:7086: mipsel-uclibc-gcc -c -D__CONFIG_WPS__ -D__CONFIG_WPS__  conftest.c >&5
configure:7086: $? = 0
configure:7086: result: yes
configure:7100: checking for dlfcn.h
configure:7100: mipsel-uclibc-gcc -c -D__CONFIG_WPS__ -D__CONFIG_WPS__  conftest.c >&5
configure:7100: $? = 0
configure:7100: result: yes
configure:7257: checking for objdir
configure:7272: result: .libs
configure:7543: checking if mipsel-uclibc-gcc supports -fno-rtti -fno-exceptions
configure:7561: mipsel-uclibc-gcc -c -D__CONFIG_WPS__ -D__CONFIG_WPS__  -fno-rtti -fno-exceptions conftest.c >&5
cc1: warning: command line option "-fno-rtti" is valid for C++/ObjC++ but not for C
configure:7565: $? = 0
configure:7578: result: no
configure:7598: checking for mipsel-uclibc-gcc option to produce PIC
configure:7883: result: -fPIC -DPIC
configure:7895: checking if mipsel-uclibc-gcc PIC flag -fPIC -DPIC works
configure:7913: mipsel-uclibc-gcc -c -D__CONFIG_WPS__ -D__CONFIG_WPS__  -fPIC -DPIC -DPIC conftest.c >&5
configure:7917: $? = 0
configure:7930: result: yes
configure:7954: checking if mipsel-uclibc-gcc static flag -static works
configure:7982: result: yes
configure:7997: checking if mipsel-uclibc-gcc supports -c -o file.o
configure:8018: mipsel-uclibc-gcc -c -D__CONFIG_WPS__ -D__CONFIG_WPS__  -o out/conftest2.o conftest.c >&5
configure:8022: $? = 0
configure:8044: result: yes
configure:8052: checking if mipsel-uclibc-gcc supports -c -o file.o
configure:8099: result: yes
configure:8132: checking whether the mipsel-uclibc-gcc linker (mipsel-uclibc-ld) supports shared libraries
configure:9207: result: yes
configure:9244: checking whether -lc should be explicitly linked in
configure:9252: mipsel-uclibc-gcc -c -D__CONFIG_WPS__ -D__CONFIG_WPS__  conftest.c >&5
configure:9255: $? = 0
configure:9270: mipsel-uclibc-gcc -shared conftest.o  -v -Wl,-soname -Wl,conftest -o conftest 2\>\&1 \| /bin/grep  -lc  \>/dev/null 2\>\&1
configure:9273: $? = 0
configure:9287: result: no
configure:9452: checking dynamic linker characteristics
configure:9907: mipsel-uclibc-gcc -o conftest -D__CONFIG_WPS__ -D__CONFIG_WPS__   -Wl,-rpath -Wl,/foo conftest.c  >&5
configure:9907: $? = 0
configure:10129: result: GNU/Linux ld.so
configure:10236: checking how to hardcode library paths into programs
configure:10261: result: immediate
configure:10801: checking whether stripping libraries is possible
configure:10806: result: yes
configure:10841: checking if libtool supports shared libraries
configure:10843: result: yes
configure:10846: checking whether to build shared libraries
configure:10867: result: yes
configure:10870: checking whether to build static libraries
configure:10874: result: no
configure:10980: checking whether the linker accepts -Wl,--no-as-needed
configure:10999: mipsel-uclibc-gcc -o conftest -D__CONFIG_WPS__ -D__CONFIG_WPS__  -Wl,--no-as-needed conftest.c  >&5
configure:10999: $? = 0
configure:11010: result: yes
configure:11025: checking linux/dccp.h usability
configure:11025: mipsel-uclibc-gcc -c -D__CONFIG_WPS__ -D__CONFIG_WPS__  conftest.c >&5
configure:11025: $? = 0
configure:11025: result: yes
configure:11025: checking linux/dccp.h presence
configure:11025: mipsel-uclibc-gcc -E  conftest.c
configure:11025: $? = 0
configure:11025: result: yes
configure:11025: checking for linux/dccp.h
configure:11025: result: yes
configure:11025: checking linux/ip_vs.h usability
configure:11025: mipsel-uclibc-gcc -c -D__CONFIG_WPS__ -D__CONFIG_WPS__  conftest.c >&5
conftest.c:57:25: error: linux/ip_vs.h: No such file or directory
configure:11025: $? = 1
configure: failed program was:
| /* confdefs.h */
| #define PACKAGE_NAME "iptables"
| #define PACKAGE_TARNAME "iptables"
| #define PACKAGE_VERSION "1.4.12.1"
| #define PACKAGE_STRING "iptables 1.4.12.1"
| #define PACKAGE_BUGREPORT ""
| #define PACKAGE_URL ""
| #define PACKAGE "iptables"
| #define VERSION "1.4.12.1"
| #define STDC_HEADERS 1
| #define HAVE_SYS_TYPES_H 1
| #define HAVE_SYS_STAT_H 1
| #define HAVE_STDLIB_H 1
| #define HAVE_STRING_H 1
| #define HAVE_MEMORY_H 1
| #define HAVE_STRINGS_H 1
| #define HAVE_INTTYPES_H 1
| #define HAVE_STDINT_H 1
| #define HAVE_UNISTD_H 1
| #define HAVE_DLFCN_H 1
| #define LT_OBJDIR ".libs/"
| #define HAVE_LINUX_DCCP_H 1
| /* end confdefs.h.  */
| #include <stdio.h>
| #ifdef HAVE_SYS_TYPES_H
| # include <sys/types.h>
| #endif
| #ifdef HAVE_SYS_STAT_H
| # include <sys/stat.h>
| #endif
| #ifdef STDC_HEADERS
| # include <stdlib.h>
| # include <stddef.h>
| #else
| # ifdef HAVE_STDLIB_H
| #  include <stdlib.h>
| # endif
| #endif
| #ifdef HAVE_STRING_H
| # if !defined STDC_HEADERS && defined HAVE_MEMORY_H
| #  include <memory.h>
| # endif
| # include <string.h>
| #endif
| #ifdef HAVE_STRINGS_H
| # include <strings.h>
| #endif
| #ifdef HAVE_INTTYPES_H
| # include <inttypes.h>
| #endif
| #ifdef HAVE_STDINT_H
| # include <stdint.h>
| #endif
| #ifdef HAVE_UNISTD_H
| # include <unistd.h>
| #endif
| #include <linux/ip_vs.h>
configure:11025: result: no
configure:11025: checking linux/ip_vs.h presence
configure:11025: mipsel-uclibc-gcc -E  conftest.c
conftest.c:24:25: error: linux/ip_vs.h: No such file or directory
configure:11025: $? = 1
configure: failed program was:
| /* confdefs.h */
| #define PACKAGE_NAME "iptables"
| #define PACKAGE_TARNAME "iptables"
| #define PACKAGE_VERSION "1.4.12.1"
| #define PACKAGE_STRING "iptables 1.4.12.1"
| #define PACKAGE_BUGREPORT ""
| #define PACKAGE_URL ""
| #define PACKAGE "iptables"
| #define VERSION "1.4.12.1"
| #define STDC_HEADERS 1
| #define HAVE_SYS_TYPES_H 1
| #define HAVE_SYS_STAT_H 1
| #define HAVE_STDLIB_H 1
| #define HAVE_STRING_H 1
| #define HAVE_MEMORY_H 1
| #define HAVE_STRINGS_H 1
| #define HAVE_INTTYPES_H 1
| #define HAVE_STDINT_H 1
| #define HAVE_UNISTD_H 1
| #define HAVE_DLFCN_H 1
| #define LT_OBJDIR ".libs/"
| #define HAVE_LINUX_DCCP_H 1
| /* end confdefs.h.  */
| #include <linux/ip_vs.h>
configure:11025: result: no
configure:11025: checking for linux/ip_vs.h
configure:11025: result: no
configure:11025: checking linux/magic.h usability
configure:11025: mipsel-uclibc-gcc -c -D__CONFIG_WPS__ -D__CONFIG_WPS__  conftest.c >&5
configure:11025: $? = 0
configure:11025: result: yes
configure:11025: checking linux/magic.h presence
configure:11025: mipsel-uclibc-gcc -E  conftest.c
configure:11025: $? = 0
configure:11025: result: yes
configure:11025: checking for linux/magic.h
configure:11025: result: yes
configure:11025: checking linux/proc_fs.h usability
configure:11025: mipsel-uclibc-gcc -c -D__CONFIG_WPS__ -D__CONFIG_WPS__  conftest.c >&5
In file included from /media/ASUSWRT/asuswrt/tools/brcm/K26/hndtools-mipsel-uclibc-4.2.4/bin/../lib/gcc/mipsel-linux-uclibc/4.2.4/../../../../mipsel-linux-uclibc/sys-include/linux/preempt.h:9,
                 from /media/ASUSWRT/asuswrt/tools/brcm/K26/hndtools-mipsel-uclibc-4.2.4/bin/../lib/gcc/mipsel-linux-uclibc/4.2.4/../../../../mipsel-linux-uclibc/sys-include/linux/spinlock.h:49,
                 from /media/ASUSWRT/asuswrt/tools/brcm/K26/hndtools-mipsel-uclibc-4.2.4/bin/../lib/gcc/mipsel-linux-uclibc/4.2.4/../../../../mipsel-linux-uclibc/sys-include/linux/proc_fs.h:6,
                 from conftest.c:58:
/media/ASUSWRT/asuswrt/tools/brcm/K26/hndtools-mipsel-uclibc-4.2.4/bin/../lib/gcc/mipsel-linux-uclibc/4.2.4/../../../../mipsel-linux-uclibc/sys-include/linux/thread_info.h:23: error: expected specifier-qualifier-list before 'u32'
In file included from /media/ASUSWRT/asuswrt/tools/brcm/K26/hndtools-mipsel-uclibc-4.2.4/bin/../lib/gcc/mipsel-linux-uclibc/4.2.4/../../../../mipsel-linux-uclibc/sys-include/asm/cpu-info.h:15,
                 from /media/ASUSWRT/asuswrt/tools/brcm/K26/hndtools-mipsel-uclibc-4.2.4/bin/../lib/gcc/mipsel-linux-uclibc/4.2.4/../../../../mipsel-linux-uclibc/sys-include/asm/cpu-features.h:14,
                 from /media/ASUSWRT/asuswrt/tools/brcm/K26/hndtools-mipsel-uclibc-4.2.4/bin/../lib/gcc/mipsel-linux-uclibc/4.2.4/../../../../mipsel-linux-uclibc/sys-include/asm/bitops.h:18,
                 from /media/ASUSWRT/asuswrt/tools/brcm/K26/hndtools-mipsel-uclibc-4.2.4/bin/../lib/gcc/mipsel-linux-uclibc/4.2.4/../../../../mipsel-linux-uclibc/sys-include/linux/bitops.h:9,
                 from /media/ASUSWRT/asuswrt/tools/brcm/K26/hndtools-mipsel-uclibc-4.2.4/bin/../lib/gcc/mipsel-linux-uclibc/4.2.4/../../../../mipsel-linux-uclibc/sys-include/linux/thread_info.h:33,
                 from /media/ASUSWRT/asuswrt/tools/brcm/K26/hndtools-mipsel-uclibc-4.2.4/bin/../lib/gcc/mipsel-linux-uclibc/4.2.4/../../../../mipsel-linux-uclibc/sys-include/linux/preempt.h:9,
                 from /media/ASUSWRT/asuswrt/tools/brcm/K26/hndtools-mipsel-uclibc-4.2.4/bin/../lib/gcc/mipsel-linux-uclibc/4.2.4/../../../../mipsel-linux-uclibc/sys-include/linux/spinlock.h:49,
                 from /media/ASUSWRT/asuswrt/tools/brcm/K26/hndtools-mipsel-uclibc-4.2.4/bin/../lib/gcc/mipsel-linux-uclibc/4.2.4/../../../../mipsel-linux-uclibc/sys-include/linux/proc_fs.h:6,
                 from conftest.c:58:
/media/ASUSWRT/asuswrt/tools/brcm/K26/hndtools-mipsel-uclibc-4.2.4/bin/../lib/gcc/mipsel-linux-uclibc/4.2.4/../../../../mipsel-linux-uclibc/sys-include/asm/cache.h:12:21: error: kmalloc.h: No such file or directory
In file included from /media/ASUSWRT/asuswrt/tools/brcm/K26/hndtools-mipsel-uclibc-4.2.4/bin/../lib/gcc/mipsel-linux-uclibc/4.2.4/../../../../mipsel-linux-uclibc/sys-include/asm/cpu-features.h:14,
                 from /media/ASUSWRT/asuswrt/tools/brcm/K26/hndtools-mipsel-uclibc-4.2.4/bin/../lib/gcc/mipsel-linux-uclibc/4.2.4/../../../../mipsel-linux-uclibc/sys-include/asm/bitops.h:18,
                 from /media/ASUSWRT/asuswrt/tools/brcm/K26/hndtools-mipsel-uclibc-4.2.4/bin/../lib/gcc/mipsel-linux-uclibc/4.2.4/../../../../mipsel-linux-uclibc/sys-include/linux/bitops.h:9,
                 from /media/ASUSWRT/asuswrt/tools/brcm/K26/hndtools-mipsel-uclibc-4.2.4/bin/../lib/gcc/mipsel-linux-uclibc/4.2.4/../../../../mipsel-linux-uclibc/sys-include/linux/thread_info.h:33,
                 from /media/ASUSWRT/asuswrt/tools/brcm/K26/hndtools-mipsel-uclibc-4.2.4/bin/../lib/gcc/mipsel-linux-uclibc/4.2.4/../../../../mipsel-linux-uclibc/sys-include/linux/preempt.h:9,
                 from /media/ASUSWRT/asuswrt/tools/brcm/K26/hndtools-mipsel-uclibc-4.2.4/bin/../lib/gcc/mipsel-linux-uclibc/4.2.4/../../../../mipsel-linux-uclibc/sys-include/linux/spinlock.h:49,
                 from /media/ASUSWRT/asuswrt/tools/brcm/K26/hndtools-mipsel-uclibc-4.2.4/bin/../lib/gcc/mipsel-linux-uclibc/4.2.4/../../../../mipsel-linux-uclibc/sys-include/linux/proc_fs.h:6,
                 from conftest.c:58:
/media/ASUSWRT/asuswrt/tools/brcm/K26/hndtools-mipsel-uclibc-4.2.4/bin/../lib/gcc/mipsel-linux-uclibc/4.2.4/../../../../mipsel-linux-uclibc/sys-include/asm/cpu-info.h:87: error: 'CONFIG_MIPS_L1_CACHE_SHIFT' undeclared here (not in a function)
/media/ASUSWRT/asuswrt/tools/brcm/K26/hndtools-mipsel-uclibc-4.2.4/bin/../lib/gcc/mipsel-linux-uclibc/4.2.4/../../../../mipsel-linux-uclibc/sys-include/asm/cpu-info.h:87: error: requested alignment is not a constant
In file included from /media/ASUSWRT/asuswrt/tools/brcm/K26/hndtools-mipsel-uclibc-4.2.4/bin/../lib/gcc/mipsel-linux-uclibc/4.2.4/../../../../mipsel-linux-uclibc/sys-include/asm/bitops.h:18,
                 from /media/ASUSWRT/asuswrt/tools/brcm/K26/hndtools-mipsel-uclibc-4.2.4/bin/../lib/gcc/mipsel-linux-uclibc/4.2.4/../../../../mipsel-linux-uclibc/sys-include/linux/bitops.h:9,
                 from /media/ASUSWRT/asuswrt/tools/brcm/K26/hndtools-mipsel-uclibc-4.2.4/bin/../lib/gcc/mipsel-linux-uclibc/4.2.4/../../../../mipsel-linux-uclibc/sys-include/linux/thread_info.h:33,
                 from /media/ASUSWRT/asuswrt/tools/brcm/K26/hndtools-mipsel-uclibc-4.2.4/bin/../lib/gcc/mipsel-linux-uclibc/4.2.4/../../../../mipsel-linux-uclibc/sys-include/linux/preempt.h:9,
                 from /media/ASUSWRT/asuswrt/tools/brcm/K26/hndtools-mipsel-uclibc-4.2.4/bin/../lib/gcc/mipsel-linux-uclibc/4.2.4/../../../../mipsel-linux-uclibc/sys-include/linux/spinlock.h:49,
                 from /media/ASUSWRT/asuswrt/tools/brcm/K26/hndtools-mipsel-uclibc-4.2.4/bin/../lib/gcc/mipsel-linux-uclibc/4.2.4/../../../../mipsel-linux-uclibc/sys-include/linux/proc_fs.h:6,
                 from conftest.c:58:
/media/ASUSWRT/asuswrt/tools/brcm/K26/hndtools-mipsel-uclibc-4.2.4/bin/../lib/gcc/mipsel-linux-uclibc/4.2.4/../../../../mipsel-linux-uclibc/sys-include/asm/cpu-features.h:15:35: error: cpu-feature-overrides.h: No such file or directory
In file included from /media/ASUSWRT/asuswrt/tools/brcm/K26/hndtools-mipsel-uclibc-4.2.4/bin/../lib/gcc/mipsel-linux-uclibc/4.2.4/../../../../mipsel-linux-uclibc/sys-include/asm/bitops.h:453,
                 from /media/ASUSWRT/asuswrt/tools/brcm/K26/hndtools-mipsel-uclibc-4.2.4/bin/../lib/gcc/mipsel-linux-uclibc/4.2.4/../../../../mipsel-linux-uclibc/sys-include/linux/bitops.h:9,
                 from /media/ASUSWRT/asuswrt/tools/brcm/K26/hndtools-mipsel-uclibc-4.2.4/bin/../lib/gcc/mipsel-linux-uclibc/4.2.4/../../../../mipsel-linux-uclibc/sys-include/linux/thread_info.h:33,
                 from /media/ASUSWRT/asuswrt/tools/brcm/K26/hndtools-mipsel-uclibc-4.2.4/bin/../lib/gcc/mipsel-linux-uclibc/4.2.4/../../../../mipsel-linux-uclibc/sys-include/linux/preempt.h:9,
                 from /media/ASUSWRT/asuswrt/tools/brcm/K26/hndtools-mipsel-uclibc-4.2.4/bin/../lib/gcc/mipsel-linux-uclibc/4.2.4/../../../../mipsel-linux-uclibc/sys-include/linux/spinlock.h:49,
                 from /media/ASUSWRT/asuswrt/tools/brcm/K26/hndtools-mipsel-uclibc-4.2.4/bin/../lib/gcc/mipsel-linux-uclibc/4.2.4/../../../../mipsel-linux-uclibc/sys-include/linux/proc_fs.h:6,
                 from conftest.c:58:
/media/ASUSWRT/asuswrt/tools/brcm/K26/hndtools-mipsel-uclibc-4.2.4/bin/../lib/gcc/mipsel-linux-uclibc/4.2.4/../../../../mipsel-linux-uclibc/sys-include/asm-generic/bitops/non-atomic.h: In function '__set_bit':
/media/ASUSWRT/asuswrt/tools/brcm/K26/hndtools-mipsel-uclibc-4.2.4/bin/../lib/gcc/mipsel-linux-uclibc/4.2.4/../../../../mipsel-linux-uclibc/sys-include/asm-generic/bitops/non-atomic.h:20: error: 'BITS_PER_LONG' undeclared (first use in this function)
/media/ASUSWRT/asuswrt/tools/brcm/K26/hndtools-mipsel-uclibc-4.2.4/bin/../lib/gcc/mipsel-linux-uclibc/4.2.4/../../../../mipsel-linux-uclibc/sys-include/asm-generic/bitops/non-atomic.h:20: error: (Each undeclared identifier is reported only once
/media/ASUSWRT/asuswrt/tools/brcm/K26/hndtools-mipsel-uclibc-4.2.4/bin/../lib/gcc/mipsel-linux-uclibc/4.2.4/../../../../mipsel-linux-uclibc/sys-include/asm-generic/bitops/non-atomic.h:20: error: for each function it appears in.)
/media/ASUSWRT/asuswrt/tools/brcm/K26/hndtools-mipsel-uclibc-4.2.4/bin/../lib/gcc/mipsel-linux-uclibc/4.2.4/../../../../mipsel-linux-uclibc/sys-include/asm-generic/bitops/non-atomic.h: In function '__clear_bit':
/media/ASUSWRT/asuswrt/tools/brcm/K26/hndtools-mipsel-uclibc-4.2.4/bin/../lib/gcc/mipsel-linux-uclibc/4.2.4/../../../../mipsel-linux-uclibc/sys-include/asm-generic/bitops/non-atomic.h:28: error: 'BITS_PER_LONG' undeclared (first use in this function)
/media/ASUSWRT/asuswrt/tools/brcm/K26/hndtools-mipsel-uclibc-4.2.4/bin/../lib/gcc/mipsel-linux-uclibc/4.2.4/../../../../mipsel-linux-uclibc/sys-include/asm-generic/bitops/non-atomic.h: In function '__change_bit':
/media/ASUSWRT/asuswrt/tools/brcm/K26/hndtools-mipsel-uclibc-4.2.4/bin/../lib/gcc/mipsel-linux-uclibc/4.2.4/../../../../mipsel-linux-uclibc/sys-include/asm-generic/bitops/non-atomic.h:45: error: 'BITS_PER_LONG' undeclared (first use in this function)
/media/ASUSWRT/asuswrt/tools/brcm/K26/hndtools-mipsel-uclibc-4.2.4/bin/../lib/gcc/mipsel-linux-uclibc/4.2.4/../../../../mipsel-linux-uclibc/sys-include/asm-generic/bitops/non-atomic.h: In function '__test_and_set_bit':
/media/ASUSWRT/asuswrt/tools/brcm/K26/hndtools-mipsel-uclibc-4.2.4/bin/../lib/gcc/mipsel-linux-uclibc/4.2.4/../../../../mipsel-linux-uclibc/sys-include/asm-generic/bitops/non-atomic.h:62: error: 'BITS_PER_LONG' undeclared (first use in this function)
/media/ASUSWRT/asuswrt/tools/brcm/K26/hndtools-mipsel-uclibc-4.2.4/bin/../lib/gcc/mipsel-linux-uclibc/4.2.4/../../../../mipsel-linux-uclibc/sys-include/asm-generic/bitops/non-atomic.h: In function '__test_and_clear_bit':
/media/ASUSWRT/asuswrt/tools/brcm/K26/hndtools-mipsel-uclibc-4.2.4/bin/../lib/gcc/mipsel-linux-uclibc/4.2.4/../../../../mipsel-linux-uclibc/sys-include/asm-generic/bitops/non-atomic.h:81: error: 'BITS_PER_LONG' undeclared (first use in this function)
/media/ASUSWRT/asuswrt/tools/brcm/K26/hndtools-mipsel-uclibc-4.2.4/bin/../lib/gcc/mipsel-linux-uclibc/4.2.4/../../../../mipsel-linux-uclibc/sys-include/asm-generic/bitops/non-atomic.h: In function '__test_and_change_bit':
/media/ASUSWRT/asuswrt/tools/brcm/K26/hndtools-mipsel-uclibc-4.2.4/bin/../lib/gcc/mipsel-linux-uclibc/4.2.4/../../../../mipsel-linux-uclibc/sys-include/asm-generic/bitops/non-atomic.h:93: error: 'BITS_PER_LONG' undeclared (first use in this function)
/media/ASUSWRT/asuswrt/tools/brcm/K26/hndtools-mipsel-uclibc-4.2.4/bin/../lib/gcc/mipsel-linux-uclibc/4.2.4/../../../../mipsel-linux-uclibc/sys-include/asm-generic/bitops/non-atomic.h: In function 'test_bit':
/media/ASUSWRT/asuswrt/tools/brcm/K26/hndtools-mipsel-uclibc-4.2.4/bin/../lib/gcc/mipsel-linux-uclibc/4.2.4/../../../../mipsel-linux-uclibc/sys-include/asm-generic/bitops/non-atomic.h:108: error: 'BITS_PER_LONG' undeclared (first use in this function)
In file included from /media/ASUSWRT/asuswrt/tools/brcm/K26/hndtools-mipsel-uclibc-4.2.4/bin/../lib/gcc/mipsel-linux-uclibc/4.2.4/../../../../mipsel-linux-uclibc/sys-include/asm/bitops.h:545,
                 from /media/ASUSWRT/asuswrt/tools/brcm/K26/hndtools-mipsel-uclibc-4.2.4/bin/../lib/gcc/mipsel-linux-uclibc/4.2.4/../../../../mipsel-linux-uclibc/sys-include/linux/bitops.h:9,
                 from /media/ASUSWRT/asuswrt/tools/brcm/K26/hndtools-mipsel-uclibc-4.2.4/bin/../lib/gcc/mipsel-linux-uclibc/4.2.4/../../../../mipsel-linux-uclibc/sys-include/linux/thread_info.h:33,
                 from /media/ASUSWRT/asuswrt/tools/brcm/K26/hndtools-mipsel-uclibc-4.2.4/bin/../lib/gcc/mipsel-linux-uclibc/4.2.4/../../../../mipsel-linux-uclibc/sys-include/linux/preempt.h:9,
                 from /media/ASUSWRT/asuswrt/tools/brcm/K26/hndtools-mipsel-uclibc-4.2.4/bin/../lib/gcc/mipsel-linux-uclibc/4.2.4/../../../../mipsel-linux-uclibc/sys-include/linux/spinlock.h:49,
                 from /media/ASUSWRT/asuswrt/tools/brcm/K26/hndtools-mipsel-uclibc-4.2.4/bin/../lib/gcc/mipsel-linux-uclibc/4.2.4/../../../../mipsel-linux-uclibc/sys-include/linux/proc_fs.h:6,
                 from conftest.c:58:
/media/ASUSWRT/asuswrt/tools/brcm/K26/hndtools-mipsel-uclibc-4.2.4/bin/../lib/gcc/mipsel-linux-uclibc/4.2.4/../../../../mipsel-linux-uclibc/sys-include/asm-generic/bitops/__ffs.h: At top level:
/media/ASUSWRT/asuswrt/tools/brcm/K26/hndtools-mipsel-uclibc-4.2.4/bin/../lib/gcc/mipsel-linux-uclibc/4.2.4/../../../../mipsel-linux-uclibc/sys-include/asm-generic/bitops/__ffs.h:13: error: redefinition of '__ffs'
/media/ASUSWRT/asuswrt/tools/brcm/K26/hndtools-mipsel-uclibc-4.2.4/bin/../lib/gcc/mipsel-linux-uclibc/4.2.4/../../../../mipsel-linux-uclibc/sys-include/asm/bitops.h:496: error: previous definition of '__ffs' was here
In file included from /media/ASUSWRT/asuswrt/tools/brcm/K26/hndtools-mipsel-uclibc-4.2.4/bin/../lib/gcc/mipsel-linux-uclibc/4.2.4/../../../../mipsel-linux-uclibc/sys-include/asm/bitops.h:546,
                 from /media/ASUSWRT/asuswrt/tools/brcm/K26/hndtools-mipsel-uclibc-4.2.4/bin/../lib/gcc/mipsel-linux-uclibc/4.2.4/../../../../mipsel-linux-uclibc/sys-include/linux/bitops.h:9,
                 from /media/ASUSWRT/asuswrt/tools/brcm/K26/hndtools-mipsel-uclibc-4.2.4/bin/../lib/gcc/mipsel-linux-uclibc/4.2.4/../../../../mipsel-linux-uclibc/sys-include/linux/thread_info.h:33,
                 from /media/ASUSWRT/asuswrt/tools/brcm/K26/hndtools-mipsel-uclibc-4.2.4/bin/../lib/gcc/mipsel-linux-uclibc/4.2.4/../../../../mipsel-linux-uclibc/sys-include/linux/preempt.h:9,
                 from /media/ASUSWRT/asuswrt/tools/brcm/K26/hndtools-mipsel-uclibc-4.2.4/bin/../lib/gcc/mipsel-linux-uclibc/4.2.4/../../../../mipsel-linux-uclibc/sys-include/linux/spinlock.h:49,
                 from /media/ASUSWRT/asuswrt/tools/brcm/K26/hndtools-mipsel-uclibc-4.2.4/bin/../lib/gcc/mipsel-linux-uclibc/4.2.4/../../../../mipsel-linux-uclibc/sys-include/linux/proc_fs.h:6,
                 from conftest.c:58:
/media/ASUSWRT/asuswrt/tools/brcm/K26/hndtools-mipsel-uclibc-4.2.4/bin/../lib/gcc/mipsel-linux-uclibc/4.2.4/../../../../mipsel-linux-uclibc/sys-include/asm-generic/bitops/__fls.h:13: error: redefinition of '__fls'
/media/ASUSWRT/asuswrt/tools/brcm/K26/hndtools-mipsel-uclibc-4.2.4/bin/../lib/gcc/mipsel-linux-uclibc/4.2.4/../../../../mipsel-linux-uclibc/sys-include/asm/bitops.h:460: error: previous definition of '__fls' was here
/media/ASUSWRT/asuswrt/tools/brcm/K26/hndtools-mipsel-uclibc-4.2.4/bin/../lib/gcc/mipsel-linux-uclibc/4.2.4/../../../../mipsel-linux-uclibc/sys-include/asm-generic/bitops/__fls.h: In function '__fls':
/media/ASUSWRT/asuswrt/tools/brcm/K26/hndtools-mipsel-uclibc-4.2.4/bin/../lib/gcc/mipsel-linux-uclibc/4.2.4/../../../../mipsel-linux-uclibc/sys-include/asm-generic/bitops/__fls.h:14: error: 'BITS_PER_LONG' undeclared (first use in this function)
In file included from /media/ASUSWRT/asuswrt/tools/brcm/K26/hndtools-mipsel-uclibc-4.2.4/bin/../lib/gcc/mipsel-linux-uclibc/4.2.4/../../../../mipsel-linux-uclibc/sys-include/asm/bitops.h:547,
                 from /media/ASUSWRT/asuswrt/tools/brcm/K26/hndtools-mipsel-uclibc-4.2.4/bin/../lib/gcc/mipsel-linux-uclibc/4.2.4/../../../../mipsel-linux-uclibc/sys-include/linux/bitops.h:9,
                 from /media/ASUSWRT/asuswrt/tools/brcm/K26/hndtools-mipsel-uclibc-4.2.4/bin/../lib/gcc/mipsel-linux-uclibc/4.2.4/../../../../mipsel-linux-uclibc/sys-include/linux/thread_info.h:33,
                 from /media/ASUSWRT/asuswrt/tools/brcm/K26/hndtools-mipsel-uclibc-4.2.4/bin/../lib/gcc/mipsel-linux-uclibc/4.2.4/../../../../mipsel-linux-uclibc/sys-include/linux/preempt.h:9,
                 from /media/ASUSWRT/asuswrt/tools/brcm/K26/hndtools-mipsel-uclibc-4.2.4/bin/../lib/gcc/mipsel-linux-uclibc/4.2.4/../../../../mipsel-linux-uclibc/sys-include/linux/spinlock.h:49,
                 from /media/ASUSWRT/asuswrt/tools/brcm/K26/hndtools-mipsel-uclibc-4.2.4/bin/../lib/gcc/mipsel-linux-uclibc/4.2.4/../../../../mipsel-linux-uclibc/sys-include/linux/proc_fs.h:6,
                 from conftest.c:58:
/media/ASUSWRT/asuswrt/tools/brcm/K26/hndtools-mipsel-uclibc-4.2.4/bin/../lib/gcc/mipsel-linux-uclibc/4.2.4/../../../../mipsel-linux-uclibc/sys-include/asm-generic/bitops/ffs.h: At top level:
/media/ASUSWRT/asuswrt/tools/brcm/K26/hndtools-mipsel-uclibc-4.2.4/bin/../lib/gcc/mipsel-linux-uclibc/4.2.4/../../../../mipsel-linux-uclibc/sys-include/asm-generic/bitops/ffs.h:13: error: static declaration of 'ffs' follows non-static declaration
In file included from /media/ASUSWRT/asuswrt/tools/brcm/K26/hndtools-mipsel-uclibc-4.2.4/bin/../lib/gcc/mipsel-linux-uclibc/4.2.4/../../../../mipsel-linux-uclibc/sys-include/asm/bitops.h:548,
                 from /media/ASUSWRT/asuswrt/tools/brcm/K26/hndtools-mipsel-uclibc-4.2.4/bin/../lib/gcc/mipsel-linux-uclibc/4.2.4/../../../../mipsel-linux-uclibc/sys-include/linux/bitops.h:9,
                 from /media/ASUSWRT/asuswrt/tools/brcm/K26/hndtools-mipsel-uclibc-4.2.4/bin/../lib/gcc/mipsel-linux-uclibc/4.2.4/../../../../mipsel-linux-uclibc/sys-include/linux/thread_info.h:33,
                 from /media/ASUSWRT/asuswrt/tools/brcm/K26/hndtools-mipsel-uclibc-4.2.4/bin/../lib/gcc/mipsel-linux-uclibc/4.2.4/../../../../mipsel-linux-uclibc/sys-include/linux/preempt.h:9,
                 from /media/ASUSWRT/asuswrt/tools/brcm/K26/hndtools-mipsel-uclibc-4.2.4/bin/../lib/gcc/mipsel-linux-uclibc/4.2.4/../../../../mipsel-linux-uclibc/sys-include/linux/spinlock.h:49,
                 from /media/ASUSWRT/asuswrt/tools/brcm/K26/hndtools-mipsel-uclibc-4.2.4/bin/../lib/gcc/mipsel-linux-uclibc/4.2.4/../../../../mipsel-linux-uclibc/sys-include/linux/proc_fs.h:6,
                 from conftest.c:58:
/media/ASUSWRT/asuswrt/tools/brcm/K26/hndtools-mipsel-uclibc-4.2.4/bin/../lib/gcc/mipsel-linux-uclibc/4.2.4/../../../../mipsel-linux-uclibc/sys-include/asm-generic/bitops/fls.h:13: error: redefinition of 'fls'
/media/ASUSWRT/asuswrt/tools/brcm/K26/hndtools-mipsel-uclibc-4.2.4/bin/../lib/gcc/mipsel-linux-uclibc/4.2.4/../../../../mipsel-linux-uclibc/sys-include/asm/bitops.h:508: error: previous definition of 'fls' was here
In file included from /media/ASUSWRT/asuswrt/tools/brcm/K26/hndtools-mipsel-uclibc-4.2.4/bin/../lib/gcc/mipsel-linux-uclibc/4.2.4/../../../../mipsel-linux-uclibc/sys-include/asm/system.h:19,
                 from /media/ASUSWRT/asuswrt/tools/brcm/K26/hndtools-mipsel-uclibc-4.2.4/bin/../lib/gcc/mipsel-linux-uclibc/4.2.4/../../../../mipsel-linux-uclibc/sys-include/linux/spinlock.h:57,
                 from /media/ASUSWRT/asuswrt/tools/brcm/K26/hndtools-mipsel-uclibc-4.2.4/bin/../lib/gcc/mipsel-linux-uclibc/4.2.4/../../../../mipsel-linux-uclibc/sys-include/linux/proc_fs.h:6,
                 from conftest.c:58:
/media/ASUSWRT/asuswrt/tools/brcm/K26/hndtools-mipsel-uclibc-4.2.4/bin/../lib/gcc/mipsel-linux-uclibc/4.2.4/../../../../mipsel-linux-uclibc/sys-include/asm/addrspace.h:13:20: error: spaces.h: No such file or directory
In file included from /media/ASUSWRT/asuswrt/tools/brcm/K26/hndtools-mipsel-uclibc-4.2.4/bin/../lib/gcc/mipsel-linux-uclibc/4.2.4/../../../../mipsel-linux-uclibc/sys-include/asm/dsp.h:16,
                 from /media/ASUSWRT/asuswrt/tools/brcm/K26/hndtools-mipsel-uclibc-4.2.4/bin/../lib/gcc/mipsel-linux-uclibc/4.2.4/../../../../mipsel-linux-uclibc/sys-include/asm/system.h:22,
                 from /media/ASUSWRT/asuswrt/tools/brcm/K26/hndtools-mipsel-uclibc-4.2.4/bin/../lib/gcc/mipsel-linux-uclibc/4.2.4/../../../../mipsel-linux-uclibc/sys-include/linux/spinlock.h:57,
                 from /media/ASUSWRT/asuswrt/tools/brcm/K26/hndtools-mipsel-uclibc-4.2.4/bin/../lib/gcc/mipsel-linux-uclibc/4.2.4/../../../../mipsel-linux-uclibc/sys-include/linux/proc_fs.h:6,
                 from conftest.c:58:
/media/ASUSWRT/asuswrt/tools/brcm/K26/hndtools-mipsel-uclibc-4.2.4/bin/../lib/gcc/mipsel-linux-uclibc/4.2.4/../../../../mipsel-linux-uclibc/sys-include/asm/mipsregs.h:214:2: error: #error Bad page size configuration!
In file included from /media/ASUSWRT/asuswrt/tools/brcm/K26/hndtools-mipsel-uclibc-4.2.4/bin/../lib/gcc/mipsel-linux-uclibc/4.2.4/../../../../mipsel-linux-uclibc/sys-include/linux/proc_fs.h:6,
                 from conftest.c:58:
/media/ASUSWRT/asuswrt/tools/brcm/K26/hndtools-mipsel-uclibc-4.2.4/bin/../lib/gcc/mipsel-linux-uclibc/4.2.4/../../../../mipsel-linux-uclibc/sys-include/linux/spinlock.h:290: error: expected declaration specifiers or '...' before 'bool'
/media/ASUSWRT/asuswrt/tools/brcm/K26/hndtools-mipsel-uclibc-4.2.4/bin/../lib/gcc/mipsel-linux-uclibc/4.2.4/../../../../mipsel-linux-uclibc/sys-include/linux/spinlock.h: In function 'double_spin_lock':
/media/ASUSWRT/asuswrt/tools/brcm/K26/hndtools-mipsel-uclibc-4.2.4/bin/../lib/gcc/mipsel-linux-uclibc/4.2.4/../../../../mipsel-linux-uclibc/sys-include/linux/spinlock.h:294: error: 'l1_first' undeclared (first use in this function)
/media/ASUSWRT/asuswrt/tools/brcm/K26/hndtools-mipsel-uclibc-4.2.4/bin/../lib/gcc/mipsel-linux-uclibc/4.2.4/../../../../mipsel-linux-uclibc/sys-include/linux/spinlock.h: At top level:
/media/ASUSWRT/asuswrt/tools/brcm/K26/hndtools-mipsel-uclibc-4.2.4/bin/../lib/gcc/mipsel-linux-uclibc/4.2.4/../../../../mipsel-linux-uclibc/sys-include/linux/spinlock.h:309: error: expected declaration specifiers or '...' before 'bool'
/media/ASUSWRT/asuswrt/tools/brcm/K26/hndtools-mipsel-uclibc-4.2.4/bin/../lib/gcc/mipsel-linux-uclibc/4.2.4/../../../../mipsel-linux-uclibc/sys-include/linux/spinlock.h: In function 'double_spin_unlock':
/media/ASUSWRT/asuswrt/tools/brcm/K26/hndtools-mipsel-uclibc-4.2.4/bin/../lib/gcc/mipsel-linux-uclibc/4.2.4/../../../../mipsel-linux-uclibc/sys-include/linux/spinlock.h:313: error: 'l1_taken_first' undeclared (first use in this function)
In file included from conftest.c:58:
/media/ASUSWRT/asuswrt/tools/brcm/K26/hndtools-mipsel-uclibc-4.2.4/bin/../lib/gcc/mipsel-linux-uclibc/4.2.4/../../../../mipsel-linux-uclibc/sys-include/linux/proc_fs.h: At top level:
/media/ASUSWRT/asuswrt/tools/brcm/K26/hndtools-mipsel-uclibc-4.2.4/bin/../lib/gcc/mipsel-linux-uclibc/4.2.4/../../../../mipsel-linux-uclibc/sys-include/linux/proc_fs.h:78: error: field 'list' has incomplete type
/media/ASUSWRT/asuswrt/tools/brcm/K26/hndtools-mipsel-uclibc-4.2.4/bin/../lib/gcc/mipsel-linux-uclibc/4.2.4/../../../../mipsel-linux-uclibc/sys-include/linux/proc_fs.h:259: error: field 'vfs_inode' has incomplete type
/media/ASUSWRT/asuswrt/tools/brcm/K26/hndtools-mipsel-uclibc-4.2.4/bin/../lib/gcc/mipsel-linux-uclibc/4.2.4/../../../../mipsel-linux-uclibc/sys-include/linux/proc_fs.h: In function 'PROC_I':
/media/ASUSWRT/asuswrt/tools/brcm/K26/hndtools-mipsel-uclibc-4.2.4/bin/../lib/gcc/mipsel-linux-uclibc/4.2.4/../../../../mipsel-linux-uclibc/sys-include/linux/proc_fs.h:264: error: expected expression before 'struct'
configure:11025: $? = 1
configure: failed program was:
| /* confdefs.h */
| #define PACKAGE_NAME "iptables"
| #define PACKAGE_TARNAME "iptables"
| #define PACKAGE_VERSION "1.4.12.1"
| #define PACKAGE_STRING "iptables 1.4.12.1"
| #define PACKAGE_BUGREPORT ""
| #define PACKAGE_URL ""
| #define PACKAGE "iptables"
| #define VERSION "1.4.12.1"
| #define STDC_HEADERS 1
| #define HAVE_SYS_TYPES_H 1
| #define HAVE_SYS_STAT_H 1
| #define HAVE_STDLIB_H 1
| #define HAVE_STRING_H 1
| #define HAVE_MEMORY_H 1
| #define HAVE_STRINGS_H 1
| #define HAVE_INTTYPES_H 1
| #define HAVE_STDINT_H 1
| #define HAVE_UNISTD_H 1
| #define HAVE_DLFCN_H 1
| #define LT_OBJDIR ".libs/"
| #define HAVE_LINUX_DCCP_H 1
| #define HAVE_LINUX_MAGIC_H 1
| /* end confdefs.h.  */
| #include <stdio.h>
| #ifdef HAVE_SYS_TYPES_H
| # include <sys/types.h>
| #endif
| #ifdef HAVE_SYS_STAT_H
| # include <sys/stat.h>
| #endif
| #ifdef STDC_HEADERS
| # include <stdlib.h>
| # include <stddef.h>
| #else
| # ifdef HAVE_STDLIB_H
| #  include <stdlib.h>
| # endif
| #endif
| #ifdef HAVE_STRING_H
| # if !defined STDC_HEADERS && defined HAVE_MEMORY_H
| #  include <memory.h>
| # endif
| # include <string.h>
| #endif
| #ifdef HAVE_STRINGS_H
| # include <strings.h>
| #endif
| #ifdef HAVE_INTTYPES_H
| # include <inttypes.h>
| #endif
| #ifdef HAVE_STDINT_H
| # include <stdint.h>
| #endif
| #ifdef HAVE_UNISTD_H
| # include <unistd.h>
| #endif
| #include <linux/proc_fs.h>
configure:11025: result: no
configure:11025: checking linux/proc_fs.h presence
configure:11025: mipsel-uclibc-gcc -E  conftest.c
In file included from /media/ASUSWRT/asuswrt/tools/brcm/K26/hndtools-mipsel-uclibc-4.2.4/bin/../lib/gcc/mipsel-linux-uclibc/4.2.4/../../../../mipsel-linux-uclibc/sys-include/asm/cpu-info.h:15,
                 from /media/ASUSWRT/asuswrt/tools/brcm/K26/hndtools-mipsel-uclibc-4.2.4/bin/../lib/gcc/mipsel-linux-uclibc/4.2.4/../../../../mipsel-linux-uclibc/sys-include/asm/cpu-features.h:14,
                 from /media/ASUSWRT/asuswrt/tools/brcm/K26/hndtools-mipsel-uclibc-4.2.4/bin/../lib/gcc/mipsel-linux-uclibc/4.2.4/../../../../mipsel-linux-uclibc/sys-include/asm/bitops.h:18,
                 from /media/ASUSWRT/asuswrt/tools/brcm/K26/hndtools-mipsel-uclibc-4.2.4/bin/../lib/gcc/mipsel-linux-uclibc/4.2.4/../../../../mipsel-linux-uclibc/sys-include/linux/bitops.h:9,
                 from /media/ASUSWRT/asuswrt/tools/brcm/K26/hndtools-mipsel-uclibc-4.2.4/bin/../lib/gcc/mipsel-linux-uclibc/4.2.4/../../../../mipsel-linux-uclibc/sys-include/linux/thread_info.h:33,
                 from /media/ASUSWRT/asuswrt/tools/brcm/K26/hndtools-mipsel-uclibc-4.2.4/bin/../lib/gcc/mipsel-linux-uclibc/4.2.4/../../../../mipsel-linux-uclibc/sys-include/linux/preempt.h:9,
                 from /media/ASUSWRT/asuswrt/tools/brcm/K26/hndtools-mipsel-uclibc-4.2.4/bin/../lib/gcc/mipsel-linux-uclibc/4.2.4/../../../../mipsel-linux-uclibc/sys-include/linux/spinlock.h:49,
                 from /media/ASUSWRT/asuswrt/tools/brcm/K26/hndtools-mipsel-uclibc-4.2.4/bin/../lib/gcc/mipsel-linux-uclibc/4.2.4/../../../../mipsel-linux-uclibc/sys-include/linux/proc_fs.h:6,
                 from conftest.c:25:
/media/ASUSWRT/asuswrt/tools/brcm/K26/hndtools-mipsel-uclibc-4.2.4/bin/../lib/gcc/mipsel-linux-uclibc/4.2.4/../../../../mipsel-linux-uclibc/sys-include/asm/cache.h:12:21: error: kmalloc.h: No such file or directory
In file included from /media/ASUSWRT/asuswrt/tools/brcm/K26/hndtools-mipsel-uclibc-4.2.4/bin/../lib/gcc/mipsel-linux-uclibc/4.2.4/../../../../mipsel-linux-uclibc/sys-include/asm/bitops.h:18,
                 from /media/ASUSWRT/asuswrt/tools/brcm/K26/hndtools-mipsel-uclibc-4.2.4/bin/../lib/gcc/mipsel-linux-uclibc/4.2.4/../../../../mipsel-linux-uclibc/sys-include/linux/bitops.h:9,
                 from /media/ASUSWRT/asuswrt/tools/brcm/K26/hndtools-mipsel-uclibc-4.2.4/bin/../lib/gcc/mipsel-linux-uclibc/4.2.4/../../../../mipsel-linux-uclibc/sys-include/linux/thread_info.h:33,
                 from /media/ASUSWRT/asuswrt/tools/brcm/K26/hndtools-mipsel-uclibc-4.2.4/bin/../lib/gcc/mipsel-linux-uclibc/4.2.4/../../../../mipsel-linux-uclibc/sys-include/linux/preempt.h:9,
                 from /media/ASUSWRT/asuswrt/tools/brcm/K26/hndtools-mipsel-uclibc-4.2.4/bin/../lib/gcc/mipsel-linux-uclibc/4.2.4/../../../../mipsel-linux-uclibc/sys-include/linux/spinlock.h:49,
                 from /media/ASUSWRT/asuswrt/tools/brcm/K26/hndtools-mipsel-uclibc-4.2.4/bin/../lib/gcc/mipsel-linux-uclibc/4.2.4/../../../../mipsel-linux-uclibc/sys-include/linux/proc_fs.h:6,
                 from conftest.c:25:
/media/ASUSWRT/asuswrt/tools/brcm/K26/hndtools-mipsel-uclibc-4.2.4/bin/../lib/gcc/mipsel-linux-uclibc/4.2.4/../../../../mipsel-linux-uclibc/sys-include/asm/cpu-features.h:15:35: error: cpu-feature-overrides.h: No such file or directory
In file included from /media/ASUSWRT/asuswrt/tools/brcm/K26/hndtools-mipsel-uclibc-4.2.4/bin/../lib/gcc/mipsel-linux-uclibc/4.2.4/../../../../mipsel-linux-uclibc/sys-include/asm/system.h:19,
                 from /media/ASUSWRT/asuswrt/tools/brcm/K26/hndtools-mipsel-uclibc-4.2.4/bin/../lib/gcc/mipsel-linux-uclibc/4.2.4/../../../../mipsel-linux-uclibc/sys-include/linux/spinlock.h:57,
                 from /media/ASUSWRT/asuswrt/tools/brcm/K26/hndtools-mipsel-uclibc-4.2.4/bin/../lib/gcc/mipsel-linux-uclibc/4.2.4/../../../../mipsel-linux-uclibc/sys-include/linux/proc_fs.h:6,
                 from conftest.c:25:
/media/ASUSWRT/asuswrt/tools/brcm/K26/hndtools-mipsel-uclibc-4.2.4/bin/../lib/gcc/mipsel-linux-uclibc/4.2.4/../../../../mipsel-linux-uclibc/sys-include/asm/addrspace.h:13:20: error: spaces.h: No such file or directory
In file included from /media/ASUSWRT/asuswrt/tools/brcm/K26/hndtools-mipsel-uclibc-4.2.4/bin/../lib/gcc/mipsel-linux-uclibc/4.2.4/../../../../mipsel-linux-uclibc/sys-include/asm/dsp.h:16,
                 from /media/ASUSWRT/asuswrt/tools/brcm/K26/hndtools-mipsel-uclibc-4.2.4/bin/../lib/gcc/mipsel-linux-uclibc/4.2.4/../../../../mipsel-linux-uclibc/sys-include/asm/system.h:22,
                 from /media/ASUSWRT/asuswrt/tools/brcm/K26/hndtools-mipsel-uclibc-4.2.4/bin/../lib/gcc/mipsel-linux-uclibc/4.2.4/../../../../mipsel-linux-uclibc/sys-include/linux/spinlock.h:57,
                 from /media/ASUSWRT/asuswrt/tools/brcm/K26/hndtools-mipsel-uclibc-4.2.4/bin/../lib/gcc/mipsel-linux-uclibc/4.2.4/../../../../mipsel-linux-uclibc/sys-include/linux/proc_fs.h:6,
                 from conftest.c:25:
/media/ASUSWRT/asuswrt/tools/brcm/K26/hndtools-mipsel-uclibc-4.2.4/bin/../lib/gcc/mipsel-linux-uclibc/4.2.4/../../../../mipsel-linux-uclibc/sys-include/asm/mipsregs.h:214:2: error: #error Bad page size configuration!
configure:11025: $? = 1
configure: failed program was:
| /* confdefs.h */
| #define PACKAGE_NAME "iptables"
| #define PACKAGE_TARNAME "iptables"
| #define PACKAGE_VERSION "1.4.12.1"
| #define PACKAGE_STRING "iptables 1.4.12.1"
| #define PACKAGE_BUGREPORT ""
| #define PACKAGE_URL ""
| #define PACKAGE "iptables"
| #define VERSION "1.4.12.1"
| #define STDC_HEADERS 1
| #define HAVE_SYS_TYPES_H 1
| #define HAVE_SYS_STAT_H 1
| #define HAVE_STDLIB_H 1
| #define HAVE_STRING_H 1
| #define HAVE_MEMORY_H 1
| #define HAVE_STRINGS_H 1
| #define HAVE_INTTYPES_H 1
| #define HAVE_STDINT_H 1
| #define HAVE_UNISTD_H 1
| #define HAVE_DLFCN_H 1
| #define LT_OBJDIR ".libs/"
| #define HAVE_LINUX_DCCP_H 1
| #define HAVE_LINUX_MAGIC_H 1
| /* end confdefs.h.  */
| #include <linux/proc_fs.h>
configure:11025: result: no
configure:11025: checking for linux/proc_fs.h
configure:11025: result: no
configure:11047: checking size of struct ip6_hdr
configure:11052: mipsel-uclibc-gcc -c -D__CONFIG_WPS__ -D__CONFIG_WPS__  conftest.c >&5
configure:11052: $? = 0
configure:11052: mipsel-uclibc-gcc -c -D__CONFIG_WPS__ -D__CONFIG_WPS__  conftest.c >&5
conftest.c: In function 'main':
conftest.c:30: error: size of array 'test_array' is negative
configure:11052: $? = 1
configure: failed program was:
| /* confdefs.h */
| #define PACKAGE_NAME "iptables"
| #define PACKAGE_TARNAME "iptables"
| #define PACKAGE_VERSION "1.4.12.1"
| #define PACKAGE_STRING "iptables 1.4.12.1"
| #define PACKAGE_BUGREPORT ""
| #define PACKAGE_URL ""
| #define PACKAGE "iptables"
| #define VERSION "1.4.12.1"
| #define STDC_HEADERS 1
| #define HAVE_SYS_TYPES_H 1
| #define HAVE_SYS_STAT_H 1
| #define HAVE_STDLIB_H 1
| #define HAVE_STRING_H 1
| #define HAVE_MEMORY_H 1
| #define HAVE_STRINGS_H 1
| #define HAVE_INTTYPES_H 1
| #define HAVE_STDINT_H 1
| #define HAVE_UNISTD_H 1
| #define HAVE_DLFCN_H 1
| #define LT_OBJDIR ".libs/"
| #define HAVE_LINUX_DCCP_H 1
| #define HAVE_LINUX_MAGIC_H 1
| /* end confdefs.h.  */
| #include <netinet/ip6.h>
| 
| int
| main ()
| {
| static int test_array [1 - 2 * !(((long int) (sizeof (struct ip6_hdr))) <= 0)];
| test_array [0] = 0
| 
|   ;
|   return 0;
| }
configure:11052: mipsel-uclibc-gcc -c -D__CONFIG_WPS__ -D__CONFIG_WPS__  conftest.c >&5
conftest.c: In function 'main':
conftest.c:30: error: size of array 'test_array' is negative
configure:11052: $? = 1
configure: failed program was:
| /* confdefs.h */
| #define PACKAGE_NAME "iptables"
| #define PACKAGE_TARNAME "iptables"
| #define PACKAGE_VERSION "1.4.12.1"
| #define PACKAGE_STRING "iptables 1.4.12.1"
| #define PACKAGE_BUGREPORT ""
| #define PACKAGE_URL ""
| #define PACKAGE "iptables"
| #define VERSION "1.4.12.1"
| #define STDC_HEADERS 1
| #define HAVE_SYS_TYPES_H 1
| #define HAVE_SYS_STAT_H 1
| #define HAVE_STDLIB_H 1
| #define HAVE_STRING_H 1
| #define HAVE_MEMORY_H 1
| #define HAVE_STRINGS_H 1
| #define HAVE_INTTYPES_H 1
| #define HAVE_STDINT_H 1
| #define HAVE_UNISTD_H 1
| #define HAVE_DLFCN_H 1
| #define LT_OBJDIR ".libs/"
| #define HAVE_LINUX_DCCP_H 1
| #define HAVE_LINUX_MAGIC_H 1
| /* end confdefs.h.  */
| #include <netinet/ip6.h>
| 
| int
| main ()
| {
| static int test_array [1 - 2 * !(((long int) (sizeof (struct ip6_hdr))) <= 1)];
| test_array [0] = 0
| 
|   ;
|   return 0;
| }
configure:11052: mipsel-uclibc-gcc -c -D__CONFIG_WPS__ -D__CONFIG_WPS__  conftest.c >&5
conftest.c: In function 'main':
conftest.c:30: error: size of array 'test_array' is negative
configure:11052: $? = 1
configure: failed program was:
| /* confdefs.h */
| #define PACKAGE_NAME "iptables"
| #define PACKAGE_TARNAME "iptables"
| #define PACKAGE_VERSION "1.4.12.1"
| #define PACKAGE_STRING "iptables 1.4.12.1"
| #define PACKAGE_BUGREPORT ""
| #define PACKAGE_URL ""
| #define PACKAGE "iptables"
| #define VERSION "1.4.12.1"
| #define STDC_HEADERS 1
| #define HAVE_SYS_TYPES_H 1
| #define HAVE_SYS_STAT_H 1
| #define HAVE_STDLIB_H 1
| #define HAVE_STRING_H 1
| #define HAVE_MEMORY_H 1
| #define HAVE_STRINGS_H 1
| #define HAVE_INTTYPES_H 1
| #define HAVE_STDINT_H 1
| #define HAVE_UNISTD_H 1
| #define HAVE_DLFCN_H 1
| #define LT_OBJDIR ".libs/"
| #define HAVE_LINUX_DCCP_H 1
| #define HAVE_LINUX_MAGIC_H 1
| /* end confdefs.h.  */
| #include <netinet/ip6.h>
| 
| int
| main ()
| {
| static int test_array [1 - 2 * !(((long int) (sizeof (struct ip6_hdr))) <= 3)];
| test_array [0] = 0
| 
|   ;
|   return 0;
| }
configure:11052: mipsel-uclibc-gcc -c -D__CONFIG_WPS__ -D__CONFIG_WPS__  conftest.c >&5
conftest.c: In function 'main':
conftest.c:30: error: size of array 'test_array' is negative
configure:11052: $? = 1
configure: failed program was:
| /* confdefs.h */
| #define PACKAGE_NAME "iptables"
| #define PACKAGE_TARNAME "iptables"
| #define PACKAGE_VERSION "1.4.12.1"
| #define PACKAGE_STRING "iptables 1.4.12.1"
| #define PACKAGE_BUGREPORT ""
| #define PACKAGE_URL ""
| #define PACKAGE "iptables"
| #define VERSION "1.4.12.1"
| #define STDC_HEADERS 1
| #define HAVE_SYS_TYPES_H 1
| #define HAVE_SYS_STAT_H 1
| #define HAVE_STDLIB_H 1
| #define HAVE_STRING_H 1
| #define HAVE_MEMORY_H 1
| #define HAVE_STRINGS_H 1
| #define HAVE_INTTYPES_H 1
| #define HAVE_STDINT_H 1
| #define HAVE_UNISTD_H 1
| #define HAVE_DLFCN_H 1
| #define LT_OBJDIR ".libs/"
| #define HAVE_LINUX_DCCP_H 1
| #define HAVE_LINUX_MAGIC_H 1
| /* end confdefs.h.  */
| #include <netinet/ip6.h>
| 
| int
| main ()
| {
| static int test_array [1 - 2 * !(((long int) (sizeof (struct ip6_hdr))) <= 7)];
| test_array [0] = 0
| 
|   ;
|   return 0;
| }
configure:11052: mipsel-uclibc-gcc -c -D__CONFIG_WPS__ -D__CONFIG_WPS__  conftest.c >&5
conftest.c: In function 'main':
conftest.c:30: error: size of array 'test_array' is negative
configure:11052: $? = 1
configure: failed program was:
| /* confdefs.h */
| #define PACKAGE_NAME "iptables"
| #define PACKAGE_TARNAME "iptables"
| #define PACKAGE_VERSION "1.4.12.1"
| #define PACKAGE_STRING "iptables 1.4.12.1"
| #define PACKAGE_BUGREPORT ""
| #define PACKAGE_URL ""
| #define PACKAGE "iptables"
| #define VERSION "1.4.12.1"
| #define STDC_HEADERS 1
| #define HAVE_SYS_TYPES_H 1
| #define HAVE_SYS_STAT_H 1
| #define HAVE_STDLIB_H 1
| #define HAVE_STRING_H 1
| #define HAVE_MEMORY_H 1
| #define HAVE_STRINGS_H 1
| #define HAVE_INTTYPES_H 1
| #define HAVE_STDINT_H 1
| #define HAVE_UNISTD_H 1
| #define HAVE_DLFCN_H 1
| #define LT_OBJDIR ".libs/"
| #define HAVE_LINUX_DCCP_H 1
| #define HAVE_LINUX_MAGIC_H 1
| /* end confdefs.h.  */
| #include <netinet/ip6.h>
| 
| int
| main ()
| {
| static int test_array [1 - 2 * !(((long int) (sizeof (struct ip6_hdr))) <= 15)];
| test_array [0] = 0
| 
|   ;
|   return 0;
| }
configure:11052: mipsel-uclibc-gcc -c -D__CONFIG_WPS__ -D__CONFIG_WPS__  conftest.c >&5
conftest.c: In function 'main':
conftest.c:30: error: size of array 'test_array' is negative
configure:11052: $? = 1
configure: failed program was:
| /* confdefs.h */
| #define PACKAGE_NAME "iptables"
| #define PACKAGE_TARNAME "iptables"
| #define PACKAGE_VERSION "1.4.12.1"
| #define PACKAGE_STRING "iptables 1.4.12.1"
| #define PACKAGE_BUGREPORT ""
| #define PACKAGE_URL ""
| #define PACKAGE "iptables"
| #define VERSION "1.4.12.1"
| #define STDC_HEADERS 1
| #define HAVE_SYS_TYPES_H 1
| #define HAVE_SYS_STAT_H 1
| #define HAVE_STDLIB_H 1
| #define HAVE_STRING_H 1
| #define HAVE_MEMORY_H 1
| #define HAVE_STRINGS_H 1
| #define HAVE_INTTYPES_H 1
| #define HAVE_STDINT_H 1
| #define HAVE_UNISTD_H 1
| #define HAVE_DLFCN_H 1
| #define LT_OBJDIR ".libs/"
| #define HAVE_LINUX_DCCP_H 1
| #define HAVE_LINUX_MAGIC_H 1
| /* end confdefs.h.  */
| #include <netinet/ip6.h>
| 
| int
| main ()
| {
| static int test_array [1 - 2 * !(((long int) (sizeof (struct ip6_hdr))) <= 31)];
| test_array [0] = 0
| 
|   ;
|   return 0;
| }
configure:11052: mipsel-uclibc-gcc -c -D__CONFIG_WPS__ -D__CONFIG_WPS__  conftest.c >&5
configure:11052: $? = 0
configure:11052: mipsel-uclibc-gcc -c -D__CONFIG_WPS__ -D__CONFIG_WPS__  conftest.c >&5
configure:11052: $? = 0
configure:11052: mipsel-uclibc-gcc -c -D__CONFIG_WPS__ -D__CONFIG_WPS__  conftest.c >&5
conftest.c: In function 'main':
conftest.c:30: error: size of array 'test_array' is negative
configure:11052: $? = 1
configure: failed program was:
| /* confdefs.h */
| #define PACKAGE_NAME "iptables"
| #define PACKAGE_TARNAME "iptables"
| #define PACKAGE_VERSION "1.4.12.1"
| #define PACKAGE_STRING "iptables 1.4.12.1"
| #define PACKAGE_BUGREPORT ""
| #define PACKAGE_URL ""
| #define PACKAGE "iptables"
| #define VERSION "1.4.12.1"
| #define STDC_HEADERS 1
| #define HAVE_SYS_TYPES_H 1
| #define HAVE_SYS_STAT_H 1
| #define HAVE_STDLIB_H 1
| #define HAVE_STRING_H 1
| #define HAVE_MEMORY_H 1
| #define HAVE_STRINGS_H 1
| #define HAVE_INTTYPES_H 1
| #define HAVE_STDINT_H 1
| #define HAVE_UNISTD_H 1
| #define HAVE_DLFCN_H 1
| #define LT_OBJDIR ".libs/"
| #define HAVE_LINUX_DCCP_H 1
| #define HAVE_LINUX_MAGIC_H 1
| /* end confdefs.h.  */
| #include <netinet/ip6.h>
| 
| int
| main ()
| {
| static int test_array [1 - 2 * !(((long int) (sizeof (struct ip6_hdr))) <= 39)];
| test_array [0] = 0
| 
|   ;
|   return 0;
| }
configure:11052: mipsel-uclibc-gcc -c -D__CONFIG_WPS__ -D__CONFIG_WPS__  conftest.c >&5
configure:11052: $? = 0
configure:11052: mipsel-uclibc-gcc -c -D__CONFIG_WPS__ -D__CONFIG_WPS__  conftest.c >&5
configure:11052: $? = 0
configure:11052: mipsel-uclibc-gcc -c -D__CONFIG_WPS__ -D__CONFIG_WPS__  conftest.c >&5
configure:11052: $? = 0
configure:11067: result: 40
configure:11145: checking for mipsel-linux-pkg-config
configure:11178: result: no
configure:11188: checking for pkg-config
configure:11206: found /usr/bin/pkg-config
configure:11218: result: /usr/bin/pkg-config
configure:11230: WARNING: using cross tools not prefixed with host triplet
configure:11243: checking pkg-config is at least version 0.9.0
configure:11246: result: yes
configure:11256: checking for libnfnetlink
configure:11263: $PKG_CONFIG --exists --print-errors "libnfnetlink >= 1.0"
Package libnfnetlink was not found in the pkg-config search path.
Perhaps you should add the directory containing `libnfnetlink.pc'
to the PKG_CONFIG_PATH environment variable
No package 'libnfnetlink' found
configure:11266: $? = 1
configure:11279: $PKG_CONFIG --exists --print-errors "libnfnetlink >= 1.0"
Package libnfnetlink was not found in the pkg-config search path.
Perhaps you should add the directory containing `libnfnetlink.pc'
to the PKG_CONFIG_PATH environment variable
No package 'libnfnetlink' found
configure:11282: $? = 1
configure:11295: result: no
No package 'libnfnetlink' found
configure:11512: creating ./config.status

## ---------------- ##
## Cache variables. ##
## ---------------- ##

ac_cv_build=i686-pc-linux-gnu
ac_cv_c_compiler_gnu=yes
ac_cv_env_CC_set=set
ac_cv_env_CC_value=mipsel-uclibc-gcc
ac_cv_env_CFLAGS_set=set
ac_cv_env_CFLAGS_value='-D__CONFIG_WPS__ -D__CONFIG_WPS__'
ac_cv_env_CPPFLAGS_set=
ac_cv_env_CPPFLAGS_value=
ac_cv_env_CPP_set=
ac_cv_env_CPP_value=
ac_cv_env_LDFLAGS_set=
ac_cv_env_LDFLAGS_value=
ac_cv_env_LIBS_set=
ac_cv_env_LIBS_value=
ac_cv_env_PKG_CONFIG_LIBDIR_set=
ac_cv_env_PKG_CONFIG_LIBDIR_value=
ac_cv_env_PKG_CONFIG_PATH_set=
ac_cv_env_PKG_CONFIG_PATH_value=
ac_cv_env_PKG_CONFIG_set=
ac_cv_env_PKG_CONFIG_value=
ac_cv_env_build_alias_set=set
ac_cv_env_build_alias_value=i686-linux-gnu
ac_cv_env_host_alias_set=set
ac_cv_env_host_alias_value=mipsel-linux
ac_cv_env_libnfnetlink_CFLAGS_set=
ac_cv_env_libnfnetlink_CFLAGS_value=
ac_cv_env_libnfnetlink_LIBS_set=
ac_cv_env_libnfnetlink_LIBS_value=
ac_cv_env_target_alias_set=
ac_cv_env_target_alias_value=
ac_cv_header_dlfcn_h=yes
ac_cv_header_inttypes_h=yes
ac_cv_header_linux_dccp_h=yes
ac_cv_header_linux_ip_vs_h=no
ac_cv_header_linux_magic_h=yes
ac_cv_header_linux_proc_fs_h=no
ac_cv_header_memory_h=yes
ac_cv_header_stdc=yes
ac_cv_header_stdint_h=yes
ac_cv_header_stdlib_h=yes
ac_cv_header_string_h=yes
ac_cv_header_strings_h=yes
ac_cv_header_sys_stat_h=yes
ac_cv_header_sys_types_h=yes
ac_cv_header_unistd_h=yes
ac_cv_host=mipsel-unknown-linux-gnu
ac_cv_objext=o
ac_cv_path_EGREP='/bin/grep -E'
ac_cv_path_FGREP='/bin/grep -F'
ac_cv_path_GREP=/bin/grep
ac_cv_path_SED=/bin/sed
ac_cv_path_ac_pt_PKG_CONFIG=/usr/bin/pkg-config
ac_cv_path_install='/usr/bin/install -c'
ac_cv_path_mkdir=/bin/mkdir
ac_cv_prog_AR=mipsel-uclibc-ar
ac_cv_prog_AWK=gawk
ac_cv_prog_CC=mipsel-uclibc-gcc
ac_cv_prog_CPP='mipsel-uclibc-gcc -E'
ac_cv_prog_OBJDUMP=mipsel-linux-objdump
ac_cv_prog_RANLIB=mipsel-uclibc-ranlib
ac_cv_prog_STRIP='mipsel-uclibc-strip -R .note -R .comment'
ac_cv_prog_cc_c89=
ac_cv_prog_cc_g=yes
ac_cv_prog_cc_mipsel_uclibc_gcc_c_o=yes
ac_cv_prog_make_make_set=yes
ac_cv_sizeof_struct_ip6_hdr=40
am_cv_CC_dependencies_compiler_type=gcc3
ax_cv_linker_flags__Wl___no_as_needed=yes
lt_cv_archive_cmds_need_lc=no
lt_cv_deplibs_check_method=pass_all
lt_cv_file_magic_cmd='$MAGIC_CMD'
lt_cv_file_magic_test_file=
lt_cv_ld_reload_flag=-r
lt_cv_nm_interface='BSD nm'
lt_cv_objdir=.libs
lt_cv_path_LD=mipsel-uclibc-ld
lt_cv_path_NM=mipsel-uclibc-nm
lt_cv_prog_compiler_c_o=yes
lt_cv_prog_compiler_pic_works=yes
lt_cv_prog_compiler_rtti_exceptions=no
lt_cv_prog_compiler_static_works=yes
lt_cv_prog_gnu_ld=yes
lt_cv_shlibpath_overrides_runpath=no
lt_cv_sys_global_symbol_pipe='sed -n -e '\''s/^.*[	 ]\([ABCDGIRSTW][ABCDGIRSTW]*\)[	 ][	 ]*\([_A-Za-z][_A-Za-z0-9]*\)$/\1 \2 \2/p'\'''
lt_cv_sys_global_symbol_to_c_name_address='sed -n -e '\''s/^: \([^ ]*\) $/  {\"\1\", (void *) 0},/p'\'' -e '\''s/^[ABCDGIRSTW]* \([^ ]*\) \([^ ]*\)$/  {"\2", (void *) \&\2},/p'\'''
lt_cv_sys_global_symbol_to_c_name_address_lib_prefix='sed -n -e '\''s/^: \([^ ]*\) $/  {\"\1\", (void *) 0},/p'\'' -e '\''s/^[ABCDGIRSTW]* \([^ ]*\) \(lib[^ ]*\)$/  {"\2", (void *) \&\2},/p'\'' -e '\''s/^[ABCDGIRSTW]* \([^ ]*\) \([^ ]*\)$/  {"lib\2", (void *) \&\2},/p'\'''
lt_cv_sys_global_symbol_to_cdecl='sed -n -e '\''s/^T .* \(.*\)$/extern int \1();/p'\'' -e '\''s/^[ABCDGIRSTW]* .* \(.*\)$/extern char \1;/p'\'''
lt_cv_sys_max_cmd_len=805306365

## ----------------- ##
## Output variables. ##
## ----------------- ##

ACLOCAL='${SHELL} /media/ASUSWRT/asuswrt/release/src/router/iptables-1.4.x/missing --run aclocal-1.11'
AMDEPBACKSLASH='\'
AMDEP_FALSE='#'
AMDEP_TRUE=''
AMTAR='${SHELL} /media/ASUSWRT/asuswrt/release/src/router/iptables-1.4.x/missing --run tar'
AR='mipsel-uclibc-ar'
AUTOCONF='${SHELL} /media/ASUSWRT/asuswrt/release/src/router/iptables-1.4.x/missing --run autoconf'
AUTOHEADER='${SHELL} /media/ASUSWRT/asuswrt/release/src/router/iptables-1.4.x/missing --run autoheader'
AUTOMAKE='${SHELL} /media/ASUSWRT/asuswrt/release/src/router/iptables-1.4.x/missing --run automake-1.11'
AWK='gawk'
CC='mipsel-uclibc-gcc'
CCDEPMODE='depmode=gcc3'
CFLAGS='-D__CONFIG_WPS__ -D__CONFIG_WPS__'
CPP='mipsel-uclibc-gcc -E'
CPPFLAGS=''
CYGPATH_W='echo'
DEFS='-DHAVE_CONFIG_H'
DEPDIR='.deps'
DSYMUTIL=''
DUMPBIN=''
ECHO_C=''
ECHO_N='-n'
ECHO_T=''
EGREP='/bin/grep -E'
ENABLE_DEVEL_FALSE='#'
ENABLE_DEVEL_TRUE=''
ENABLE_IPV4_FALSE='#'
ENABLE_IPV4_TRUE=''
ENABLE_IPV6_FALSE='#'
ENABLE_IPV6_TRUE=''
ENABLE_LARGEFILE_FALSE='#'
ENABLE_LARGEFILE_TRUE=''
ENABLE_LIBIPQ_FALSE=''
ENABLE_LIBIPQ_TRUE='#'
ENABLE_SHARED_FALSE='#'
ENABLE_SHARED_TRUE=''
ENABLE_STATIC_FALSE=''
ENABLE_STATIC_TRUE='#'
EXEEXT=''
FGREP='/bin/grep -F'
GREP='/bin/grep'
HAVE_LIBNFNETLINK_FALSE=''
HAVE_LIBNFNETLINK_TRUE='#'
INSTALL_DATA='${INSTALL} -m 644'
INSTALL_PROGRAM='${INSTALL}'
INSTALL_SCRIPT='${INSTALL}'
INSTALL_STRIP_PROGRAM='$(install_sh) -c -s'
LD='mipsel-uclibc-ld'
LDFLAGS=''
LIBOBJS=''
LIBS=''
LIBTOOL='$(SHELL) $(top_builddir)/libtool'
LIPO=''
LN_S='ln -s'
LTLIBOBJS=''
MAKEINFO='${SHELL} /media/ASUSWRT/asuswrt/release/src/router/iptables-1.4.x/missing --run makeinfo'
MKDIR_P='/bin/mkdir -p'
NM='mipsel-uclibc-nm'
NMEDIT=''
OBJDUMP='mipsel-linux-objdump'
OBJEXT='o'
OTOOL64=''
OTOOL=''
PACKAGE='iptables'
PACKAGE_BUGREPORT=''
PACKAGE_NAME='iptables'
PACKAGE_STRING='iptables 1.4.12.1'
PACKAGE_TARNAME='iptables'
PACKAGE_URL=''
PACKAGE_VERSION='1.4.12.1'
PATH_SEPARATOR=':'
PKG_CONFIG='/usr/bin/pkg-config'
PKG_CONFIG_LIBDIR=''
PKG_CONFIG_PATH=''
RANLIB='mipsel-uclibc-ranlib'
SED='/bin/sed'
SET_MAKE=''
SHELL='/bin/bash'
STRIP='mipsel-uclibc-strip -R .note -R .comment'
VERSION='1.4.12.1'
ac_ct_CC=''
ac_ct_DUMPBIN=''
am__EXEEXT_FALSE=''
am__EXEEXT_TRUE='#'
am__fastdepCC_FALSE='#'
am__fastdepCC_TRUE=''
am__include='include'
am__isrc=''
am__leading_dot='.'
am__quote=''
am__tar='${AMTAR} chof - "$$tardir"'
am__untar='${AMTAR} xf -'
bindir='/usr/sbin'
blacklist_modules=' ipvs'
build='i686-pc-linux-gnu'
build_alias='i686-linux-gnu'
build_cpu='i686'
build_os='linux-gnu'
build_vendor='pc'
datadir='${datarootdir}'
datarootdir='${prefix}/share'
docdir='${datarootdir}/doc/${PACKAGE_TARNAME}'
dvidir='${docdir}'
exec_prefix='${prefix}'
host='mipsel-unknown-linux-gnu'
host_alias='mipsel-linux'
host_cpu='mipsel'
host_os='linux-gnu'
host_vendor='unknown'
htmldir='${docdir}'
includedir='${prefix}/include'
infodir='${datarootdir}/info'
install_sh='${SHELL} /media/ASUSWRT/asuswrt/release/src/router/iptables-1.4.x/install-sh'
kbuilddir='/media/ASUSWRT/asuswrt/release/src-ra/linux/linux-3.x'
kinclude_CPPFLAGS=' -I/media/ASUSWRT/asuswrt/release/src-ra/linux/linux-3.x/include -I/media/ASUSWRT/asuswrt/release/src-ra/linux/linux-3.x/include'
ksourcedir='/media/ASUSWRT/asuswrt/release/src-ra/linux/linux-3.x'
libdir='/usr/lib'
libexecdir='${exec_prefix}/libexec'
libiptc_LDFLAGS2='-Wl,--no-as-needed'
libnfnetlink_CFLAGS=''
libnfnetlink_LIBS=''
libxtables_vage='0'
libxtables_vcurrent='7'
libxtables_vmajor='7'
localedir='${datarootdir}/locale'
localstatedir='${prefix}/var'
mandir='${datarootdir}/man'
mkdir_p='/bin/mkdir -p'
oldincludedir='/usr/include'
pdfdir='${docdir}'
pkgconfigdir='${libdir}/pkgconfig'
pkgdatadir='${datadir}/xtables'
prefix='/usr'
program_transform_name='s,x,x,'
psdir='${docdir}'
regular_CFLAGS='-Wall -Waggregate-return -Wmissing-declarations 	-Wmissing-prototypes -Wredundant-decls -Wshadow -Wstrict-prototypes 	-Winline -pipe'
regular_CPPFLAGS='-D_LARGEFILE_SOURCE=1 -D_LARGE_FILES -D_FILE_OFFSET_BITS=64 -D_REENTRANT 	-DXTABLES_LIBDIR=\"${xtlibdir}\" -DXTABLES_INTERNAL'
sbindir='${exec_prefix}/sbin'
sharedstatedir='${prefix}/com'
sysconfdir='${prefix}/etc'
target_alias=''
xtlibdir='/usr/lib/xtables'

## ----------- ##
## confdefs.h. ##
## ----------- ##

/* confdefs.h */
#define PACKAGE_NAME "iptables"
#define PACKAGE_TARNAME "iptables"
#define PACKAGE_VERSION "1.4.12.1"
#define PACKAGE_STRING "iptables 1.4.12.1"
#define PACKAGE_BUGREPORT ""
#define PACKAGE_URL ""
#define PACKAGE "iptables"
#define VERSION "1.4.12.1"
#define STDC_HEADERS 1
#define HAVE_SYS_TYPES_H 1
#define HAVE_SYS_STAT_H 1
#define HAVE_STDLIB_H 1
#define HAVE_STRING_H 1
#define HAVE_MEMORY_H 1
#define HAVE_STRINGS_H 1
#define HAVE_INTTYPES_H 1
#define HAVE_STDINT_H 1
#define HAVE_UNISTD_H 1
#define HAVE_DLFCN_H 1
#define LT_OBJDIR ".libs/"
#define HAVE_LINUX_DCCP_H 1
#define HAVE_LINUX_MAGIC_H 1
#define SIZEOF_STRUCT_IP6_HDR 40

configure: exit 0

## ---------------------- ##
## Running config.status. ##
## ---------------------- ##

This file was extended by iptables config.status 1.4.12.1, which was
generated by GNU Autoconf 2.67.  Invocation command line was

  CONFIG_FILES    = 
  CONFIG_HEADERS  = 
  CONFIG_LINKS    = 
  CONFIG_COMMANDS = 
  $ ./config.status 

on wireless-pub1

config.status:1119: creating Makefile
config.status:1119: creating extensions/GNUmakefile
config.status:1119: creating include/Makefile
config.status:1119: creating iptables/Makefile
config.status:1119: creating iptables/xtables.pc
config.status:1119: creating libipq/Makefile
config.status:1119: creating libipq/libipq.pc
config.status:1119: creating libiptc/Makefile
config.status:1119: creating libiptc/libiptc.pc
config.status:1119: creating utils/Makefile
config.status:1119: creating include/xtables.h
config.status:1119: creating include/iptables/internal.h
config.status:1119: creating config.h
config.status:1299: config.h is unchanged
config.status:1347: executing depfiles commands
config.status:1347: executing libtool commands

## ---------------------- ##
## Running config.status. ##
## ---------------------- ##

This file was extended by iptables config.status 1.4.12.1, which was
generated by GNU Autoconf 2.67.  Invocation command line was

  CONFIG_FILES    = 
  CONFIG_HEADERS  = 
  CONFIG_LINKS    = 
  CONFIG_COMMANDS = 
  $ ./config.status config.h

on wireless-pub1

config.status:1119: creating config.h
config.status:1299: config.h is unchanged
