Terminals unused in grammar

   ERROR


文法

    0 $accept: input $end

    1 input: /* 空白 */
    2      | expr
    3      | expr error

    4 expr: match
    5     | match relation expr

    6 match: invert ATTRIBUTE '(' args ')'
    7      | invert '(' expr ')'

    8 args: ATTRIBUTE
    9     | ATTRIBUTE args

   10 relation: AND
   11         | OR

   12 invert: /* 空白 */
   13       | NOT


終結語詞，附有它們出現處的規則

$end (0) 0
'(' (40) 6 7
')' (41) 6 7
error (256) 3
ERROR (258)
ATTRIBUTE (259) 6 8 9
AND (260) 10
OR (261) 11
NOT (262) 13


非終結語詞，附有它們出現處的規則

$accept (10)
    於左側： 0
input (11)
    於左側： 1 2 3, 於右側： 0
expr (12)
    於左側： 4 5, 於右側： 2 3 5 7
match (13)
    於左側： 6 7, 於右側： 4 5
args (14)
    於左側： 8 9, 於右側： 6 9
relation (15)
    於左側： 10 11, 於右側： 5
invert (16)
    於左側： 12 13, 於右側： 6 7


狀態 0

    0 $accept: . input $end

    NOT  偏移，並進入狀態 1

    $end     使用規則 1 以縮減 (input)
    $預設  使用規則 12 以縮減 (invert)

    input   進入狀態 2
    expr    進入狀態 3
    match   進入狀態 4
    invert  進入狀態 5


狀態 1

   13 invert: NOT .

    $預設  使用規則 13 以縮減 (invert)


狀態 2

    0 $accept: input . $end

    $end  偏移，並進入狀態 6


狀態 3

    2 input: expr .
    3      | expr . error

    error  偏移，並進入狀態 7

    $end  使用規則 2 以縮減 (input)


狀態 4

    4 expr: match .
    5     | match . relation expr

    AND  偏移，並進入狀態 8
    OR   偏移，並進入狀態 9

    $預設  使用規則 4 以縮減 (expr)

    relation  進入狀態 10


狀態 5

    6 match: invert . ATTRIBUTE '(' args ')'
    7      | invert . '(' expr ')'

    ATTRIBUTE  偏移，並進入狀態 11
    '('        偏移，並進入狀態 12


狀態 6

    0 $accept: input $end .

    $預設  接受


狀態 7

    3 input: expr error .

    $預設  使用規則 3 以縮減 (input)


狀態 8

   10 relation: AND .

    $預設  使用規則 10 以縮減 (relation)


狀態 9

   11 relation: OR .

    $預設  使用規則 11 以縮減 (relation)


狀態 10

    5 expr: match relation . expr

    NOT  偏移，並進入狀態 1

    $預設  使用規則 12 以縮減 (invert)

    expr    進入狀態 13
    match   進入狀態 4
    invert  進入狀態 5


狀態 11

    6 match: invert ATTRIBUTE . '(' args ')'

    '('  偏移，並進入狀態 14


狀態 12

    7 match: invert '(' . expr ')'

    NOT  偏移，並進入狀態 1

    $預設  使用規則 12 以縮減 (invert)

    expr    進入狀態 15
    match   進入狀態 4
    invert  進入狀態 5


狀態 13

    5 expr: match relation expr .

    $預設  使用規則 5 以縮減 (expr)


狀態 14

    6 match: invert ATTRIBUTE '(' . args ')'

    ATTRIBUTE  偏移，並進入狀態 16

    args  進入狀態 17


狀態 15

    7 match: invert '(' expr . ')'

    ')'  偏移，並進入狀態 18


狀態 16

    8 args: ATTRIBUTE .
    9     | ATTRIBUTE . args

    ATTRIBUTE  偏移，並進入狀態 16

    $預設  使用規則 8 以縮減 (args)

    args  進入狀態 19


狀態 17

    6 match: invert ATTRIBUTE '(' args . ')'

    ')'  偏移，並進入狀態 20


狀態 18

    7 match: invert '(' expr ')' .

    $預設  使用規則 7 以縮減 (match)


狀態 19

    9 args: ATTRIBUTE args .

    $預設  使用規則 9 以縮減 (args)


狀態 20

    6 match: invert ATTRIBUTE '(' args ')' .

    $預設  使用規則 6 以縮減 (match)
