This file contains any messages produced by compilers while
running configure, to aid debugging if configure makes a mistake.

It was created by configure, which was
generated by GNU Autoconf 2.69.  Invocation command line was

  $ ./configure --host=mipsel-linux --build= --host=arm-linux

## --------- ##
## Platform. ##
## --------- ##

hostname = mint-dev
uname -m = x86_64
uname -r = 3.2.0-77-generic
uname -s = Linux
uname -v = #114-Ubuntu SMP Tue Mar 10 17:26:03 UTC 2015

/usr/bin/uname -p = unknown
/bin/uname -X     = unknown

/bin/arch              = unknown
/usr/bin/arch -k       = unknown
/usr/convex/getsysinfo = unknown
/usr/bin/hostinfo      = unknown
/bin/machine           = unknown
/usr/bin/oslevel       = unknown
/bin/universe          = unknown

PATH: /home/merlin/asuswrt-merlin/release/tools
PATH: /home/merlin/asuswrt-merlin/release/src-rt-6.x/ctools
PATH: /usr/local/sbin
PATH: /usr/local/bin
PATH: /usr/sbin
PATH: /usr/bin
PATH: /sbin
PATH: /bin
PATH: /usr/games
PATH: /opt/brcm/hndtools-mipsel-linux/bin
PATH: /opt/brcm/hndtools-mipsel-uclibc/bin
PATH: /opt/brcm-arm/bin


## ----------- ##
## Core tests. ##
## ----------- ##

configure:2253: checking for a BSD-compatible install
configure:2321: result: /usr/bin/install -c
configure:2332: checking whether build environment is sane
configure:2387: result: yes
configure:2446: checking for arm-linux-strip
configure:2473: result: mipsel-uclibc-strip -R .note -R .comment
configure:2538: checking for a thread-safe mkdir -p
configure:2577: result: /bin/mkdir -p
configure:2584: checking for gawk
configure:2600: found /usr/bin/gawk
configure:2611: result: gawk
configure:2622: checking whether make sets $(MAKE)
configure:2644: result: yes
configure:2673: checking whether make supports nested variables
configure:2690: result: yes
configure:2820: checking whether to enable maintainer-specific portions of Makefiles
configure:2829: result: no
configure:2851: checking for arm-linux-gcc
configure:2878: result: mipsel-uclibc-gcc
configure:3147: checking for C compiler version
configure:3156: mipsel-uclibc-gcc --version >&5
mipsel-uclibc-gcc (GCC) 4.2.4
Copyright (C) 2007 Free Software Foundation, Inc.
This is free software; see the source for copying conditions.  There is NO
warranty; not even for MERCHANTABILITY or FITNESS FOR A PARTICULAR PURPOSE.

configure:3167: $? = 0
configure:3156: mipsel-uclibc-gcc -v >&5
Using built-in specs.
Target: mipsel-linux-uclibc
Configured with: /home/fedork/tomato/toolchain/build_dir/toolchain-mipsel_gcc4.2.4/gcc-4.2.4/configure --prefix=/opt/brcm/hndtools-mipsel-uclibc-4.2.4 --build=i486-linux-gnu --host=i486-linux-gnu --target=mipsel-linux-uclibc --with-gnu-ld --enable-target-optspace --disable-libgomp --disable-libmudflap --disable-multilib --disable-nls --disable-__cxa_atexit --enable-libssp --enable-languages=c,c++ --enable-shared --enable-threads --disable-tls
Thread model: posix
gcc version 4.2.4
configure:3167: $? = 0
configure:3156: mipsel-uclibc-gcc -V >&5
mipsel-uclibc-gcc: '-V' option must have argument
configure:3167: $? = 1
configure:3156: mipsel-uclibc-gcc -qversion >&5
mipsel-uclibc-gcc: unrecognized option '-qversion'
mipsel-uclibc-gcc: no input files
configure:3167: $? = 1
configure:3187: checking whether the C compiler works
configure:3209: mipsel-uclibc-gcc -DBCMWPA2 -DBCMQOS -DBCM_DCS -DEXT_ACS -DD11AC_IOTYPES -DPHYMON -DPROXYARP -DTRAFFIC_MGMT -DTRAFFIC_MGMT_RSSI_POLICY -DLINUX26 -DCONFIG_BCMWL5 -DDEBUG_NOISY -DDEBUG_RCTEST -pipe -DBCMWPA2 -funit-at-a-time -Wno-pointer-sign -mtune=mips32r2 -mips32r2 -DRTCONFIG_NVRAM_64K  -DLINUX_KERNEL_VERSION=132630  -DRTN66U -D__CONFIG_EMF__ -D__CONFIG_WPS__   conftest.c  >&5
configure:3213: $? = 0
configure:3261: result: yes
configure:3264: checking for C compiler default output file name
configure:3266: result: a.out
configure:3272: checking for suffix of executables
configure:3279: mipsel-uclibc-gcc -o conftest -DBCMWPA2 -DBCMQOS -DBCM_DCS -DEXT_ACS -DD11AC_IOTYPES -DPHYMON -DPROXYARP -DTRAFFIC_MGMT -DTRAFFIC_MGMT_RSSI_POLICY -DLINUX26 -DCONFIG_BCMWL5 -DDEBUG_NOISY -DDEBUG_RCTEST -pipe -DBCMWPA2 -funit-at-a-time -Wno-pointer-sign -mtune=mips32r2 -mips32r2 -DRTCONFIG_NVRAM_64K  -DLINUX_KERNEL_VERSION=132630  -DRTN66U -D__CONFIG_EMF__ -D__CONFIG_WPS__   conftest.c  >&5
configure:3283: $? = 0
configure:3305: result: 
configure:3327: checking whether we are cross compiling
configure:3335: mipsel-uclibc-gcc -o conftest -DBCMWPA2 -DBCMQOS -DBCM_DCS -DEXT_ACS -DD11AC_IOTYPES -DPHYMON -DPROXYARP -DTRAFFIC_MGMT -DTRAFFIC_MGMT_RSSI_POLICY -DLINUX26 -DCONFIG_BCMWL5 -DDEBUG_NOISY -DDEBUG_RCTEST -pipe -DBCMWPA2 -funit-at-a-time -Wno-pointer-sign -mtune=mips32r2 -mips32r2 -DRTCONFIG_NVRAM_64K  -DLINUX_KERNEL_VERSION=132630  -DRTN66U -D__CONFIG_EMF__ -D__CONFIG_WPS__   conftest.c  >&5
configure:3339: $? = 0
configure:3346: ./conftest
./configure: line 3348: ./conftest: cannot execute binary file
configure:3350: $? = 126
configure:3365: result: yes
configure:3370: checking for suffix of object files
configure:3392: mipsel-uclibc-gcc -c -DBCMWPA2 -DBCMQOS -DBCM_DCS -DEXT_ACS -DD11AC_IOTYPES -DPHYMON -DPROXYARP -DTRAFFIC_MGMT -DTRAFFIC_MGMT_RSSI_POLICY -DLINUX26 -DCONFIG_BCMWL5 -DDEBUG_NOISY -DDEBUG_RCTEST -pipe -DBCMWPA2 -funit-at-a-time -Wno-pointer-sign -mtune=mips32r2 -mips32r2 -DRTCONFIG_NVRAM_64K  -DLINUX_KERNEL_VERSION=132630  -DRTN66U -D__CONFIG_EMF__ -D__CONFIG_WPS__  conftest.c >&5
configure:3396: $? = 0
configure:3417: result: o
configure:3421: checking whether we are using the GNU C compiler
configure:3440: mipsel-uclibc-gcc -c -DBCMWPA2 -DBCMQOS -DBCM_DCS -DEXT_ACS -DD11AC_IOTYPES -DPHYMON -DPROXYARP -DTRAFFIC_MGMT -DTRAFFIC_MGMT_RSSI_POLICY -DLINUX26 -DCONFIG_BCMWL5 -DDEBUG_NOISY -DDEBUG_RCTEST -pipe -DBCMWPA2 -funit-at-a-time -Wno-pointer-sign -mtune=mips32r2 -mips32r2 -DRTCONFIG_NVRAM_64K  -DLINUX_KERNEL_VERSION=132630  -DRTN66U -D__CONFIG_EMF__ -D__CONFIG_WPS__  conftest.c >&5
configure:3440: $? = 0
configure:3449: result: yes
configure:3458: checking whether mipsel-uclibc-gcc accepts -g
configure:3478: mipsel-uclibc-gcc -c -g  conftest.c >&5
configure:3478: $? = 0
configure:3519: result: yes
configure:3536: checking for mipsel-uclibc-gcc option to accept ISO C89
configure:3599: mipsel-uclibc-gcc  -c -DBCMWPA2 -DBCMQOS -DBCM_DCS -DEXT_ACS -DD11AC_IOTYPES -DPHYMON -DPROXYARP -DTRAFFIC_MGMT -DTRAFFIC_MGMT_RSSI_POLICY -DLINUX26 -DCONFIG_BCMWL5 -DDEBUG_NOISY -DDEBUG_RCTEST -pipe -DBCMWPA2 -funit-at-a-time -Wno-pointer-sign -mtune=mips32r2 -mips32r2 -DRTCONFIG_NVRAM_64K  -DLINUX_KERNEL_VERSION=132630  -DRTN66U -D__CONFIG_EMF__ -D__CONFIG_WPS__  conftest.c >&5
configure:3599: $? = 0
configure:3612: result: none needed
configure:3637: checking whether mipsel-uclibc-gcc understands -c and -o together
configure:3659: mipsel-uclibc-gcc -c conftest.c -o conftest2.o
configure:3662: $? = 0
configure:3659: mipsel-uclibc-gcc -c conftest.c -o conftest2.o
configure:3662: $? = 0
configure:3674: result: yes
configure:3702: checking for style of include used by make
configure:3730: result: GNU
configure:3756: checking dependency style of mipsel-uclibc-gcc
configure:3867: result: gcc3
configure:3919: checking build system type
configure:3933: result: x86_64-unknown-linux-uclibc
configure:3953: checking host system type
configure:3966: result: arm-unknown-linux-gnu
configure:4007: checking how to print strings
configure:4034: result: printf
configure:4055: checking for a sed that does not truncate output
configure:4119: result: /bin/sed
configure:4137: checking for grep that handles long lines and -e
configure:4195: result: /bin/grep
configure:4200: checking for egrep
configure:4262: result: /bin/grep -E
configure:4267: checking for fgrep
configure:4329: result: /bin/grep -F
configure:4364: checking for ld used by mipsel-uclibc-gcc
configure:4431: result: mipsel-uclibc-ld
configure:4438: checking if the linker (mipsel-uclibc-ld) is GNU ld
configure:4453: result: yes
configure:4465: checking for BSD- or MS-compatible name lister (nm)
configure:4514: result: mipsel-uclibc-nm
configure:4644: checking the name lister (mipsel-uclibc-nm) interface
configure:4651: mipsel-uclibc-gcc -c -DBCMWPA2 -DBCMQOS -DBCM_DCS -DEXT_ACS -DD11AC_IOTYPES -DPHYMON -DPROXYARP -DTRAFFIC_MGMT -DTRAFFIC_MGMT_RSSI_POLICY -DLINUX26 -DCONFIG_BCMWL5 -DDEBUG_NOISY -DDEBUG_RCTEST -pipe -DBCMWPA2 -funit-at-a-time -Wno-pointer-sign -mtune=mips32r2 -mips32r2 -DRTCONFIG_NVRAM_64K  -DLINUX_KERNEL_VERSION=132630  -DRTN66U -D__CONFIG_EMF__ -D__CONFIG_WPS__  conftest.c >&5
configure:4654: mipsel-uclibc-nm "conftest.o"
configure:4657: output
00000000 B some_variable
configure:4664: result: BSD nm
configure:4667: checking whether ln -s works
configure:4671: result: yes
configure:4679: checking the maximum length of command line arguments
configure:4810: result: 3458764513820540925
configure:4827: checking whether the shell understands some XSI constructs
configure:4837: result: yes
configure:4841: checking whether the shell understands "+="
configure:4847: result: yes
configure:4882: checking how to convert x86_64-unknown-linux-uclibc file names to arm-unknown-linux-gnu format
configure:4922: result: func_convert_file_noop
configure:4929: checking how to convert x86_64-unknown-linux-uclibc file names to toolchain format
configure:4949: result: func_convert_file_noop
configure:4956: checking for mipsel-uclibc-ld option to reload object files
configure:4963: result: -r
configure:4997: checking for arm-linux-objdump
configure:5024: result: mipsel-uclibc-objdump
configure:5096: checking how to recognize dependent libraries
configure:5294: result: pass_all
configure:5339: checking for arm-linux-dlltool
configure:5369: result: no
configure:5379: checking for dlltool
configure:5409: result: no
configure:5439: checking how to associate runtime and link libraries
configure:5466: result: printf %s\n
configure:5483: checking for arm-linux-ar
configure:5510: result: mipsel-uclibc-ar
configure:5591: checking for archiver @FILE support
configure:5608: mipsel-uclibc-gcc -c -DBCMWPA2 -DBCMQOS -DBCM_DCS -DEXT_ACS -DD11AC_IOTYPES -DPHYMON -DPROXYARP -DTRAFFIC_MGMT -DTRAFFIC_MGMT_RSSI_POLICY -DLINUX26 -DCONFIG_BCMWL5 -DDEBUG_NOISY -DDEBUG_RCTEST -pipe -DBCMWPA2 -funit-at-a-time -Wno-pointer-sign -mtune=mips32r2 -mips32r2 -DRTCONFIG_NVRAM_64K  -DLINUX_KERNEL_VERSION=132630  -DRTN66U -D__CONFIG_EMF__ -D__CONFIG_WPS__  conftest.c >&5
configure:5608: $? = 0
configure:5611: mipsel-uclibc-ar cru libconftest.a @conftest.lst >&5
configure:5614: $? = 0
configure:5619: mipsel-uclibc-ar cru libconftest.a @conftest.lst >&5
mipsel-uclibc-ar: conftest.o: No such file or directory
configure:5622: $? = 1
configure:5634: result: @
configure:5652: checking for arm-linux-strip
configure:5679: result: mipsel-uclibc-strip -R .note -R .comment
configure:5751: checking for arm-linux-ranlib
configure:5778: result: mipsel-uclibc-ranlib
configure:5920: checking command to parse mipsel-uclibc-nm output from mipsel-uclibc-gcc object
configure:6040: mipsel-uclibc-gcc -c -DBCMWPA2 -DBCMQOS -DBCM_DCS -DEXT_ACS -DD11AC_IOTYPES -DPHYMON -DPROXYARP -DTRAFFIC_MGMT -DTRAFFIC_MGMT_RSSI_POLICY -DLINUX26 -DCONFIG_BCMWL5 -DDEBUG_NOISY -DDEBUG_RCTEST -pipe -DBCMWPA2 -funit-at-a-time -Wno-pointer-sign -mtune=mips32r2 -mips32r2 -DRTCONFIG_NVRAM_64K  -DLINUX_KERNEL_VERSION=132630  -DRTN66U -D__CONFIG_EMF__ -D__CONFIG_WPS__  conftest.c >&5
configure:6043: $? = 0
configure:6047: mipsel-uclibc-nm conftest.o \| sed -n -e 's/^.*[ ]\([ABCDGIRSTW][ABCDGIRSTW]*\)[ ][ ]*\([_A-Za-z][_A-Za-z0-9]*\)$/\1 \2 \2/p' | sed '/ __gnu_lto/d' \> conftest.nm
configure:6050: $? = 0
configure:6116: mipsel-uclibc-gcc -o conftest -DBCMWPA2 -DBCMQOS -DBCM_DCS -DEXT_ACS -DD11AC_IOTYPES -DPHYMON -DPROXYARP -DTRAFFIC_MGMT -DTRAFFIC_MGMT_RSSI_POLICY -DLINUX26 -DCONFIG_BCMWL5 -DDEBUG_NOISY -DDEBUG_RCTEST -pipe -DBCMWPA2 -funit-at-a-time -Wno-pointer-sign -mtune=mips32r2 -mips32r2 -DRTCONFIG_NVRAM_64K  -DLINUX_KERNEL_VERSION=132630  -DRTN66U -D__CONFIG_EMF__ -D__CONFIG_WPS__   conftest.c conftstm.o >&5
configure:6119: $? = 0
configure:6157: result: ok
configure:6194: checking for sysroot
configure:6224: result: no
configure:6453: checking for arm-linux-mt
configure:6483: result: no
configure:6493: checking for mt
configure:6509: found /bin/mt
configure:6520: result: mt
configure:6532: WARNING: using cross tools not prefixed with host triplet
configure:6543: checking if mt is a manifest tool
configure:6549: mt '-?'
configure:6557: result: no
configure:7199: checking how to run the C preprocessor
configure:7230: mipsel-uclibc-gcc -E  conftest.c
configure:7230: $? = 0
configure:7244: mipsel-uclibc-gcc -E  conftest.c
conftest.c:11:28: error: ac_nonexistent.h: No such file or directory
configure:7244: $? = 1
configure: failed program was:
| /* confdefs.h */
| #define PACKAGE_NAME ""
| #define PACKAGE_TARNAME ""
| #define PACKAGE_VERSION ""
| #define PACKAGE_STRING ""
| #define PACKAGE_BUGREPORT ""
| #define PACKAGE_URL ""
| #define PACKAGE "libev"
| #define VERSION "4.20"
| /* end confdefs.h.  */
| #include <ac_nonexistent.h>
configure:7269: result: mipsel-uclibc-gcc -E
configure:7289: mipsel-uclibc-gcc -E  conftest.c
configure:7289: $? = 0
configure:7303: mipsel-uclibc-gcc -E  conftest.c
conftest.c:11:28: error: ac_nonexistent.h: No such file or directory
configure:7303: $? = 1
configure: failed program was:
| /* confdefs.h */
| #define PACKAGE_NAME ""
| #define PACKAGE_TARNAME ""
| #define PACKAGE_VERSION ""
| #define PACKAGE_STRING ""
| #define PACKAGE_BUGREPORT ""
| #define PACKAGE_URL ""
| #define PACKAGE "libev"
| #define VERSION "4.20"
| /* end confdefs.h.  */
| #include <ac_nonexistent.h>
configure:7332: checking for ANSI C header files
configure:7352: mipsel-uclibc-gcc -c -DBCMWPA2 -DBCMQOS -DBCM_DCS -DEXT_ACS -DD11AC_IOTYPES -DPHYMON -DPROXYARP -DTRAFFIC_MGMT -DTRAFFIC_MGMT_RSSI_POLICY -DLINUX26 -DCONFIG_BCMWL5 -DDEBUG_NOISY -DDEBUG_RCTEST -pipe -DBCMWPA2 -funit-at-a-time -Wno-pointer-sign -mtune=mips32r2 -mips32r2 -DRTCONFIG_NVRAM_64K  -DLINUX_KERNEL_VERSION=132630  -DRTN66U -D__CONFIG_EMF__ -D__CONFIG_WPS__  conftest.c >&5
configure:7352: $? = 0
configure:7436: result: yes
configure:7449: checking for sys/types.h
configure:7449: mipsel-uclibc-gcc -c -DBCMWPA2 -DBCMQOS -DBCM_DCS -DEXT_ACS -DD11AC_IOTYPES -DPHYMON -DPROXYARP -DTRAFFIC_MGMT -DTRAFFIC_MGMT_RSSI_POLICY -DLINUX26 -DCONFIG_BCMWL5 -DDEBUG_NOISY -DDEBUG_RCTEST -pipe -DBCMWPA2 -funit-at-a-time -Wno-pointer-sign -mtune=mips32r2 -mips32r2 -DRTCONFIG_NVRAM_64K  -DLINUX_KERNEL_VERSION=132630  -DRTN66U -D__CONFIG_EMF__ -D__CONFIG_WPS__  conftest.c >&5
configure:7449: $? = 0
configure:7449: result: yes
configure:7449: checking for sys/stat.h
configure:7449: mipsel-uclibc-gcc -c -DBCMWPA2 -DBCMQOS -DBCM_DCS -DEXT_ACS -DD11AC_IOTYPES -DPHYMON -DPROXYARP -DTRAFFIC_MGMT -DTRAFFIC_MGMT_RSSI_POLICY -DLINUX26 -DCONFIG_BCMWL5 -DDEBUG_NOISY -DDEBUG_RCTEST -pipe -DBCMWPA2 -funit-at-a-time -Wno-pointer-sign -mtune=mips32r2 -mips32r2 -DRTCONFIG_NVRAM_64K  -DLINUX_KERNEL_VERSION=132630  -DRTN66U -D__CONFIG_EMF__ -D__CONFIG_WPS__  conftest.c >&5
configure:7449: $? = 0
configure:7449: result: yes
configure:7449: checking for stdlib.h
configure:7449: mipsel-uclibc-gcc -c -DBCMWPA2 -DBCMQOS -DBCM_DCS -DEXT_ACS -DD11AC_IOTYPES -DPHYMON -DPROXYARP -DTRAFFIC_MGMT -DTRAFFIC_MGMT_RSSI_POLICY -DLINUX26 -DCONFIG_BCMWL5 -DDEBUG_NOISY -DDEBUG_RCTEST -pipe -DBCMWPA2 -funit-at-a-time -Wno-pointer-sign -mtune=mips32r2 -mips32r2 -DRTCONFIG_NVRAM_64K  -DLINUX_KERNEL_VERSION=132630  -DRTN66U -D__CONFIG_EMF__ -D__CONFIG_WPS__  conftest.c >&5
configure:7449: $? = 0
configure:7449: result: yes
configure:7449: checking for string.h
configure:7449: mipsel-uclibc-gcc -c -DBCMWPA2 -DBCMQOS -DBCM_DCS -DEXT_ACS -DD11AC_IOTYPES -DPHYMON -DPROXYARP -DTRAFFIC_MGMT -DTRAFFIC_MGMT_RSSI_POLICY -DLINUX26 -DCONFIG_BCMWL5 -DDEBUG_NOISY -DDEBUG_RCTEST -pipe -DBCMWPA2 -funit-at-a-time -Wno-pointer-sign -mtune=mips32r2 -mips32r2 -DRTCONFIG_NVRAM_64K  -DLINUX_KERNEL_VERSION=132630  -DRTN66U -D__CONFIG_EMF__ -D__CONFIG_WPS__  conftest.c >&5
configure:7449: $? = 0
configure:7449: result: yes
configure:7449: checking for memory.h
configure:7449: mipsel-uclibc-gcc -c -DBCMWPA2 -DBCMQOS -DBCM_DCS -DEXT_ACS -DD11AC_IOTYPES -DPHYMON -DPROXYARP -DTRAFFIC_MGMT -DTRAFFIC_MGMT_RSSI_POLICY -DLINUX26 -DCONFIG_BCMWL5 -DDEBUG_NOISY -DDEBUG_RCTEST -pipe -DBCMWPA2 -funit-at-a-time -Wno-pointer-sign -mtune=mips32r2 -mips32r2 -DRTCONFIG_NVRAM_64K  -DLINUX_KERNEL_VERSION=132630  -DRTN66U -D__CONFIG_EMF__ -D__CONFIG_WPS__  conftest.c >&5
configure:7449: $? = 0
configure:7449: result: yes
configure:7449: checking for strings.h
configure:7449: mipsel-uclibc-gcc -c -DBCMWPA2 -DBCMQOS -DBCM_DCS -DEXT_ACS -DD11AC_IOTYPES -DPHYMON -DPROXYARP -DTRAFFIC_MGMT -DTRAFFIC_MGMT_RSSI_POLICY -DLINUX26 -DCONFIG_BCMWL5 -DDEBUG_NOISY -DDEBUG_RCTEST -pipe -DBCMWPA2 -funit-at-a-time -Wno-pointer-sign -mtune=mips32r2 -mips32r2 -DRTCONFIG_NVRAM_64K  -DLINUX_KERNEL_VERSION=132630  -DRTN66U -D__CONFIG_EMF__ -D__CONFIG_WPS__  conftest.c >&5
configure:7449: $? = 0
configure:7449: result: yes
configure:7449: checking for inttypes.h
configure:7449: mipsel-uclibc-gcc -c -DBCMWPA2 -DBCMQOS -DBCM_DCS -DEXT_ACS -DD11AC_IOTYPES -DPHYMON -DPROXYARP -DTRAFFIC_MGMT -DTRAFFIC_MGMT_RSSI_POLICY -DLINUX26 -DCONFIG_BCMWL5 -DDEBUG_NOISY -DDEBUG_RCTEST -pipe -DBCMWPA2 -funit-at-a-time -Wno-pointer-sign -mtune=mips32r2 -mips32r2 -DRTCONFIG_NVRAM_64K  -DLINUX_KERNEL_VERSION=132630  -DRTN66U -D__CONFIG_EMF__ -D__CONFIG_WPS__  conftest.c >&5
configure:7449: $? = 0
configure:7449: result: yes
configure:7449: checking for stdint.h
configure:7449: mipsel-uclibc-gcc -c -DBCMWPA2 -DBCMQOS -DBCM_DCS -DEXT_ACS -DD11AC_IOTYPES -DPHYMON -DPROXYARP -DTRAFFIC_MGMT -DTRAFFIC_MGMT_RSSI_POLICY -DLINUX26 -DCONFIG_BCMWL5 -DDEBUG_NOISY -DDEBUG_RCTEST -pipe -DBCMWPA2 -funit-at-a-time -Wno-pointer-sign -mtune=mips32r2 -mips32r2 -DRTCONFIG_NVRAM_64K  -DLINUX_KERNEL_VERSION=132630  -DRTN66U -D__CONFIG_EMF__ -D__CONFIG_WPS__  conftest.c >&5
configure:7449: $? = 0
configure:7449: result: yes
configure:7449: checking for unistd.h
configure:7449: mipsel-uclibc-gcc -c -DBCMWPA2 -DBCMQOS -DBCM_DCS -DEXT_ACS -DD11AC_IOTYPES -DPHYMON -DPROXYARP -DTRAFFIC_MGMT -DTRAFFIC_MGMT_RSSI_POLICY -DLINUX26 -DCONFIG_BCMWL5 -DDEBUG_NOISY -DDEBUG_RCTEST -pipe -DBCMWPA2 -funit-at-a-time -Wno-pointer-sign -mtune=mips32r2 -mips32r2 -DRTCONFIG_NVRAM_64K  -DLINUX_KERNEL_VERSION=132630  -DRTN66U -D__CONFIG_EMF__ -D__CONFIG_WPS__  conftest.c >&5
configure:7449: $? = 0
configure:7449: result: yes
configure:7463: checking for dlfcn.h
configure:7463: mipsel-uclibc-gcc -c -DBCMWPA2 -DBCMQOS -DBCM_DCS -DEXT_ACS -DD11AC_IOTYPES -DPHYMON -DPROXYARP -DTRAFFIC_MGMT -DTRAFFIC_MGMT_RSSI_POLICY -DLINUX26 -DCONFIG_BCMWL5 -DDEBUG_NOISY -DDEBUG_RCTEST -pipe -DBCMWPA2 -funit-at-a-time -Wno-pointer-sign -mtune=mips32r2 -mips32r2 -DRTCONFIG_NVRAM_64K  -DLINUX_KERNEL_VERSION=132630  -DRTN66U -D__CONFIG_EMF__ -D__CONFIG_WPS__  conftest.c >&5
configure:7463: $? = 0
configure:7463: result: yes
configure:7669: checking for objdir
configure:7684: result: .libs
configure:7951: checking if mipsel-uclibc-gcc supports -fno-rtti -fno-exceptions
configure:7969: mipsel-uclibc-gcc -c -DBCMWPA2 -DBCMQOS -DBCM_DCS -DEXT_ACS -DD11AC_IOTYPES -DPHYMON -DPROXYARP -DTRAFFIC_MGMT -DTRAFFIC_MGMT_RSSI_POLICY -DLINUX26 -DCONFIG_BCMWL5 -DDEBUG_NOISY -DDEBUG_RCTEST -pipe -DBCMWPA2 -funit-at-a-time -Wno-pointer-sign -mtune=mips32r2 -mips32r2 -DRTCONFIG_NVRAM_64K  -DLINUX_KERNEL_VERSION=132630  -DRTN66U -D__CONFIG_EMF__ -D__CONFIG_WPS__  -fno-rtti -fno-exceptions conftest.c >&5
cc1: warning: command line option "-fno-rtti" is valid for C++/ObjC++ but not for C
configure:7973: $? = 0
configure:7986: result: no
configure:8313: checking for mipsel-uclibc-gcc option to produce PIC
configure:8320: result: -fPIC -DPIC
configure:8328: checking if mipsel-uclibc-gcc PIC flag -fPIC -DPIC works
configure:8346: mipsel-uclibc-gcc -c -DBCMWPA2 -DBCMQOS -DBCM_DCS -DEXT_ACS -DD11AC_IOTYPES -DPHYMON -DPROXYARP -DTRAFFIC_MGMT -DTRAFFIC_MGMT_RSSI_POLICY -DLINUX26 -DCONFIG_BCMWL5 -DDEBUG_NOISY -DDEBUG_RCTEST -pipe -DBCMWPA2 -funit-at-a-time -Wno-pointer-sign -mtune=mips32r2 -mips32r2 -DRTCONFIG_NVRAM_64K  -DLINUX_KERNEL_VERSION=132630  -DRTN66U -D__CONFIG_EMF__ -D__CONFIG_WPS__  -fPIC -DPIC -DPIC conftest.c >&5
configure:8350: $? = 0
configure:8363: result: yes
configure:8392: checking if mipsel-uclibc-gcc static flag -static works
configure:8420: result: yes
configure:8435: checking if mipsel-uclibc-gcc supports -c -o file.o
configure:8456: mipsel-uclibc-gcc -c -DBCMWPA2 -DBCMQOS -DBCM_DCS -DEXT_ACS -DD11AC_IOTYPES -DPHYMON -DPROXYARP -DTRAFFIC_MGMT -DTRAFFIC_MGMT_RSSI_POLICY -DLINUX26 -DCONFIG_BCMWL5 -DDEBUG_NOISY -DDEBUG_RCTEST -pipe -DBCMWPA2 -funit-at-a-time -Wno-pointer-sign -mtune=mips32r2 -mips32r2 -DRTCONFIG_NVRAM_64K  -DLINUX_KERNEL_VERSION=132630  -DRTN66U -D__CONFIG_EMF__ -D__CONFIG_WPS__  -o out/conftest2.o conftest.c >&5
configure:8460: $? = 0
configure:8482: result: yes
configure:8490: checking if mipsel-uclibc-gcc supports -c -o file.o
configure:8537: result: yes
configure:8570: checking whether the mipsel-uclibc-gcc linker (mipsel-uclibc-ld) supports shared libraries
configure:9727: result: yes
configure:9764: checking whether -lc should be explicitly linked in
configure:9772: mipsel-uclibc-gcc -c -DBCMWPA2 -DBCMQOS -DBCM_DCS -DEXT_ACS -DD11AC_IOTYPES -DPHYMON -DPROXYARP -DTRAFFIC_MGMT -DTRAFFIC_MGMT_RSSI_POLICY -DLINUX26 -DCONFIG_BCMWL5 -DDEBUG_NOISY -DDEBUG_RCTEST -pipe -DBCMWPA2 -funit-at-a-time -Wno-pointer-sign -mtune=mips32r2 -mips32r2 -DRTCONFIG_NVRAM_64K  -DLINUX_KERNEL_VERSION=132630  -DRTN66U -D__CONFIG_EMF__ -D__CONFIG_WPS__  conftest.c >&5
configure:9775: $? = 0
configure:9790: mipsel-uclibc-gcc -shared  -fPIC -DPIC conftest.o  -v -Wl,-soname -Wl,conftest -o conftest 2\>\&1 \| /bin/grep  -lc  \>/dev/null 2\>\&1
configure:9793: $? = 0
configure:9807: result: no
configure:9967: checking dynamic linker characteristics
configure:10467: mipsel-uclibc-gcc -o conftest -DBCMWPA2 -DBCMQOS -DBCM_DCS -DEXT_ACS -DD11AC_IOTYPES -DPHYMON -DPROXYARP -DTRAFFIC_MGMT -DTRAFFIC_MGMT_RSSI_POLICY -DLINUX26 -DCONFIG_BCMWL5 -DDEBUG_NOISY -DDEBUG_RCTEST -pipe -DBCMWPA2 -funit-at-a-time -Wno-pointer-sign -mtune=mips32r2 -mips32r2 -DRTCONFIG_NVRAM_64K  -DLINUX_KERNEL_VERSION=132630  -DRTN66U -D__CONFIG_EMF__ -D__CONFIG_WPS__   -Wl,-rpath -Wl,/foo conftest.c  >&5
configure:10467: $? = 0
configure:10701: result: GNU/Linux ld.so
configure:10808: checking how to hardcode library paths into programs
configure:10833: result: immediate
configure:11373: checking whether stripping libraries is possible
configure:11378: result: yes
configure:11413: checking if libtool supports shared libraries
configure:11415: result: yes
configure:11418: checking whether to build shared libraries
configure:11439: result: yes
configure:11442: checking whether to build static libraries
configure:11446: result: yes
configure:11488: checking sys/inotify.h usability
configure:11488: mipsel-uclibc-gcc -c -DBCMWPA2 -DBCMQOS -DBCM_DCS -DEXT_ACS -DD11AC_IOTYPES -DPHYMON -DPROXYARP -DTRAFFIC_MGMT -DTRAFFIC_MGMT_RSSI_POLICY -DLINUX26 -DCONFIG_BCMWL5 -DDEBUG_NOISY -DDEBUG_RCTEST -pipe -DBCMWPA2 -funit-at-a-time -Wno-pointer-sign -mtune=mips32r2 -mips32r2 -DRTCONFIG_NVRAM_64K  -DLINUX_KERNEL_VERSION=132630  -DRTN66U -D__CONFIG_EMF__ -D__CONFIG_WPS__  conftest.c >&5
configure:11488: $? = 0
configure:11488: result: yes
configure:11488: checking sys/inotify.h presence
configure:11488: mipsel-uclibc-gcc -E  conftest.c
configure:11488: $? = 0
configure:11488: result: yes
configure:11488: checking for sys/inotify.h
configure:11488: result: yes
configure:11488: checking sys/epoll.h usability
configure:11488: mipsel-uclibc-gcc -c -DBCMWPA2 -DBCMQOS -DBCM_DCS -DEXT_ACS -DD11AC_IOTYPES -DPHYMON -DPROXYARP -DTRAFFIC_MGMT -DTRAFFIC_MGMT_RSSI_POLICY -DLINUX26 -DCONFIG_BCMWL5 -DDEBUG_NOISY -DDEBUG_RCTEST -pipe -DBCMWPA2 -funit-at-a-time -Wno-pointer-sign -mtune=mips32r2 -mips32r2 -DRTCONFIG_NVRAM_64K  -DLINUX_KERNEL_VERSION=132630  -DRTN66U -D__CONFIG_EMF__ -D__CONFIG_WPS__  conftest.c >&5
configure:11488: $? = 0
configure:11488: result: yes
configure:11488: checking sys/epoll.h presence
configure:11488: mipsel-uclibc-gcc -E  conftest.c
configure:11488: $? = 0
configure:11488: result: yes
configure:11488: checking for sys/epoll.h
configure:11488: result: yes
configure:11488: checking sys/event.h usability
configure:11488: mipsel-uclibc-gcc -c -DBCMWPA2 -DBCMQOS -DBCM_DCS -DEXT_ACS -DD11AC_IOTYPES -DPHYMON -DPROXYARP -DTRAFFIC_MGMT -DTRAFFIC_MGMT_RSSI_POLICY -DLINUX26 -DCONFIG_BCMWL5 -DDEBUG_NOISY -DDEBUG_RCTEST -pipe -DBCMWPA2 -funit-at-a-time -Wno-pointer-sign -mtune=mips32r2 -mips32r2 -DRTCONFIG_NVRAM_64K  -DLINUX_KERNEL_VERSION=132630  -DRTN66U -D__CONFIG_EMF__ -D__CONFIG_WPS__  conftest.c >&5
conftest.c:58:23: error: sys/event.h: No such file or directory
configure:11488: $? = 1
configure: failed program was:
| /* confdefs.h */
| #define PACKAGE_NAME ""
| #define PACKAGE_TARNAME ""
| #define PACKAGE_VERSION ""
| #define PACKAGE_STRING ""
| #define PACKAGE_BUGREPORT ""
| #define PACKAGE_URL ""
| #define PACKAGE "libev"
| #define VERSION "4.20"
| #define STDC_HEADERS 1
| #define HAVE_SYS_TYPES_H 1
| #define HAVE_SYS_STAT_H 1
| #define HAVE_STDLIB_H 1
| #define HAVE_STRING_H 1
| #define HAVE_MEMORY_H 1
| #define HAVE_STRINGS_H 1
| #define HAVE_INTTYPES_H 1
| #define HAVE_STDINT_H 1
| #define HAVE_UNISTD_H 1
| #define HAVE_DLFCN_H 1
| #define LT_OBJDIR ".libs/"
| #define HAVE_SYS_INOTIFY_H 1
| #define HAVE_SYS_EPOLL_H 1
| /* end confdefs.h.  */
| #include <stdio.h>
| #ifdef HAVE_SYS_TYPES_H
| # include <sys/types.h>
| #endif
| #ifdef HAVE_SYS_STAT_H
| # include <sys/stat.h>
| #endif
| #ifdef STDC_HEADERS
| # include <stdlib.h>
| # include <stddef.h>
| #else
| # ifdef HAVE_STDLIB_H
| #  include <stdlib.h>
| # endif
| #endif
| #ifdef HAVE_STRING_H
| # if !defined STDC_HEADERS && defined HAVE_MEMORY_H
| #  include <memory.h>
| # endif
| # include <string.h>
| #endif
| #ifdef HAVE_STRINGS_H
| # include <strings.h>
| #endif
| #ifdef HAVE_INTTYPES_H
| # include <inttypes.h>
| #endif
| #ifdef HAVE_STDINT_H
| # include <stdint.h>
| #endif
| #ifdef HAVE_UNISTD_H
| # include <unistd.h>
| #endif
| #include <sys/event.h>
configure:11488: result: no
configure:11488: checking sys/event.h presence
configure:11488: mipsel-uclibc-gcc -E  conftest.c
conftest.c:25:23: error: sys/event.h: No such file or directory
configure:11488: $? = 1
configure: failed program was:
| /* confdefs.h */
| #define PACKAGE_NAME ""
| #define PACKAGE_TARNAME ""
| #define PACKAGE_VERSION ""
| #define PACKAGE_STRING ""
| #define PACKAGE_BUGREPORT ""
| #define PACKAGE_URL ""
| #define PACKAGE "libev"
| #define VERSION "4.20"
| #define STDC_HEADERS 1
| #define HAVE_SYS_TYPES_H 1
| #define HAVE_SYS_STAT_H 1
| #define HAVE_STDLIB_H 1
| #define HAVE_STRING_H 1
| #define HAVE_MEMORY_H 1
| #define HAVE_STRINGS_H 1
| #define HAVE_INTTYPES_H 1
| #define HAVE_STDINT_H 1
| #define HAVE_UNISTD_H 1
| #define HAVE_DLFCN_H 1
| #define LT_OBJDIR ".libs/"
| #define HAVE_SYS_INOTIFY_H 1
| #define HAVE_SYS_EPOLL_H 1
| /* end confdefs.h.  */
| #include <sys/event.h>
configure:11488: result: no
configure:11488: checking for sys/event.h
configure:11488: result: no
configure:11488: checking port.h usability
configure:11488: mipsel-uclibc-gcc -c -DBCMWPA2 -DBCMQOS -DBCM_DCS -DEXT_ACS -DD11AC_IOTYPES -DPHYMON -DPROXYARP -DTRAFFIC_MGMT -DTRAFFIC_MGMT_RSSI_POLICY -DLINUX26 -DCONFIG_BCMWL5 -DDEBUG_NOISY -DDEBUG_RCTEST -pipe -DBCMWPA2 -funit-at-a-time -Wno-pointer-sign -mtune=mips32r2 -mips32r2 -DRTCONFIG_NVRAM_64K  -DLINUX_KERNEL_VERSION=132630  -DRTN66U -D__CONFIG_EMF__ -D__CONFIG_WPS__  conftest.c >&5
conftest.c:58:18: error: port.h: No such file or directory
configure:11488: $? = 1
configure: failed program was:
| /* confdefs.h */
| #define PACKAGE_NAME ""
| #define PACKAGE_TARNAME ""
| #define PACKAGE_VERSION ""
| #define PACKAGE_STRING ""
| #define PACKAGE_BUGREPORT ""
| #define PACKAGE_URL ""
| #define PACKAGE "libev"
| #define VERSION "4.20"
| #define STDC_HEADERS 1
| #define HAVE_SYS_TYPES_H 1
| #define HAVE_SYS_STAT_H 1
| #define HAVE_STDLIB_H 1
| #define HAVE_STRING_H 1
| #define HAVE_MEMORY_H 1
| #define HAVE_STRINGS_H 1
| #define HAVE_INTTYPES_H 1
| #define HAVE_STDINT_H 1
| #define HAVE_UNISTD_H 1
| #define HAVE_DLFCN_H 1
| #define LT_OBJDIR ".libs/"
| #define HAVE_SYS_INOTIFY_H 1
| #define HAVE_SYS_EPOLL_H 1
| /* end confdefs.h.  */
| #include <stdio.h>
| #ifdef HAVE_SYS_TYPES_H
| # include <sys/types.h>
| #endif
| #ifdef HAVE_SYS_STAT_H
| # include <sys/stat.h>
| #endif
| #ifdef STDC_HEADERS
| # include <stdlib.h>
| # include <stddef.h>
| #else
| # ifdef HAVE_STDLIB_H
| #  include <stdlib.h>
| # endif
| #endif
| #ifdef HAVE_STRING_H
| # if !defined STDC_HEADERS && defined HAVE_MEMORY_H
| #  include <memory.h>
| # endif
| # include <string.h>
| #endif
| #ifdef HAVE_STRINGS_H
| # include <strings.h>
| #endif
| #ifdef HAVE_INTTYPES_H
| # include <inttypes.h>
| #endif
| #ifdef HAVE_STDINT_H
| # include <stdint.h>
| #endif
| #ifdef HAVE_UNISTD_H
| # include <unistd.h>
| #endif
| #include <port.h>
configure:11488: result: no
configure:11488: checking port.h presence
configure:11488: mipsel-uclibc-gcc -E  conftest.c
conftest.c:25:18: error: port.h: No such file or directory
configure:11488: $? = 1
configure: failed program was:
| /* confdefs.h */
| #define PACKAGE_NAME ""
| #define PACKAGE_TARNAME ""
| #define PACKAGE_VERSION ""
| #define PACKAGE_STRING ""
| #define PACKAGE_BUGREPORT ""
| #define PACKAGE_URL ""
| #define PACKAGE "libev"
| #define VERSION "4.20"
| #define STDC_HEADERS 1
| #define HAVE_SYS_TYPES_H 1
| #define HAVE_SYS_STAT_H 1
| #define HAVE_STDLIB_H 1
| #define HAVE_STRING_H 1
| #define HAVE_MEMORY_H 1
| #define HAVE_STRINGS_H 1
| #define HAVE_INTTYPES_H 1
| #define HAVE_STDINT_H 1
| #define HAVE_UNISTD_H 1
| #define HAVE_DLFCN_H 1
| #define LT_OBJDIR ".libs/"
| #define HAVE_SYS_INOTIFY_H 1
| #define HAVE_SYS_EPOLL_H 1
| /* end confdefs.h.  */
| #include <port.h>
configure:11488: result: no
configure:11488: checking for port.h
configure:11488: result: no
configure:11488: checking poll.h usability
configure:11488: mipsel-uclibc-gcc -c -DBCMWPA2 -DBCMQOS -DBCM_DCS -DEXT_ACS -DD11AC_IOTYPES -DPHYMON -DPROXYARP -DTRAFFIC_MGMT -DTRAFFIC_MGMT_RSSI_POLICY -DLINUX26 -DCONFIG_BCMWL5 -DDEBUG_NOISY -DDEBUG_RCTEST -pipe -DBCMWPA2 -funit-at-a-time -Wno-pointer-sign -mtune=mips32r2 -mips32r2 -DRTCONFIG_NVRAM_64K  -DLINUX_KERNEL_VERSION=132630  -DRTN66U -D__CONFIG_EMF__ -D__CONFIG_WPS__  conftest.c >&5
configure:11488: $? = 0
configure:11488: result: yes
configure:11488: checking poll.h presence
configure:11488: mipsel-uclibc-gcc -E  conftest.c
configure:11488: $? = 0
configure:11488: result: yes
configure:11488: checking for poll.h
configure:11488: result: yes
configure:11488: checking sys/select.h usability
configure:11488: mipsel-uclibc-gcc -c -DBCMWPA2 -DBCMQOS -DBCM_DCS -DEXT_ACS -DD11AC_IOTYPES -DPHYMON -DPROXYARP -DTRAFFIC_MGMT -DTRAFFIC_MGMT_RSSI_POLICY -DLINUX26 -DCONFIG_BCMWL5 -DDEBUG_NOISY -DDEBUG_RCTEST -pipe -DBCMWPA2 -funit-at-a-time -Wno-pointer-sign -mtune=mips32r2 -mips32r2 -DRTCONFIG_NVRAM_64K  -DLINUX_KERNEL_VERSION=132630  -DRTN66U -D__CONFIG_EMF__ -D__CONFIG_WPS__  conftest.c >&5
configure:11488: $? = 0
configure:11488: result: yes
configure:11488: checking sys/select.h presence
configure:11488: mipsel-uclibc-gcc -E  conftest.c
configure:11488: $? = 0
configure:11488: result: yes
configure:11488: checking for sys/select.h
configure:11488: result: yes
configure:11488: checking sys/eventfd.h usability
configure:11488: mipsel-uclibc-gcc -c -DBCMWPA2 -DBCMQOS -DBCM_DCS -DEXT_ACS -DD11AC_IOTYPES -DPHYMON -DPROXYARP -DTRAFFIC_MGMT -DTRAFFIC_MGMT_RSSI_POLICY -DLINUX26 -DCONFIG_BCMWL5 -DDEBUG_NOISY -DDEBUG_RCTEST -pipe -DBCMWPA2 -funit-at-a-time -Wno-pointer-sign -mtune=mips32r2 -mips32r2 -DRTCONFIG_NVRAM_64K  -DLINUX_KERNEL_VERSION=132630  -DRTN66U -D__CONFIG_EMF__ -D__CONFIG_WPS__  conftest.c >&5
conftest.c:60:25: error: sys/eventfd.h: No such file or directory
configure:11488: $? = 1
configure: failed program was:
| /* confdefs.h */
| #define PACKAGE_NAME ""
| #define PACKAGE_TARNAME ""
| #define PACKAGE_VERSION ""
| #define PACKAGE_STRING ""
| #define PACKAGE_BUGREPORT ""
| #define PACKAGE_URL ""
| #define PACKAGE "libev"
| #define VERSION "4.20"
| #define STDC_HEADERS 1
| #define HAVE_SYS_TYPES_H 1
| #define HAVE_SYS_STAT_H 1
| #define HAVE_STDLIB_H 1
| #define HAVE_STRING_H 1
| #define HAVE_MEMORY_H 1
| #define HAVE_STRINGS_H 1
| #define HAVE_INTTYPES_H 1
| #define HAVE_STDINT_H 1
| #define HAVE_UNISTD_H 1
| #define HAVE_DLFCN_H 1
| #define LT_OBJDIR ".libs/"
| #define HAVE_SYS_INOTIFY_H 1
| #define HAVE_SYS_EPOLL_H 1
| #define HAVE_POLL_H 1
| #define HAVE_SYS_SELECT_H 1
| /* end confdefs.h.  */
| #include <stdio.h>
| #ifdef HAVE_SYS_TYPES_H
| # include <sys/types.h>
| #endif
| #ifdef HAVE_SYS_STAT_H
| # include <sys/stat.h>
| #endif
| #ifdef STDC_HEADERS
| # include <stdlib.h>
| # include <stddef.h>
| #else
| # ifdef HAVE_STDLIB_H
| #  include <stdlib.h>
| # endif
| #endif
| #ifdef HAVE_STRING_H
| # if !defined STDC_HEADERS && defined HAVE_MEMORY_H
| #  include <memory.h>
| # endif
| # include <string.h>
| #endif
| #ifdef HAVE_STRINGS_H
| # include <strings.h>
| #endif
| #ifdef HAVE_INTTYPES_H
| # include <inttypes.h>
| #endif
| #ifdef HAVE_STDINT_H
| # include <stdint.h>
| #endif
| #ifdef HAVE_UNISTD_H
| # include <unistd.h>
| #endif
| #include <sys/eventfd.h>
configure:11488: result: no
configure:11488: checking sys/eventfd.h presence
configure:11488: mipsel-uclibc-gcc -E  conftest.c
conftest.c:27:25: error: sys/eventfd.h: No such file or directory
configure:11488: $? = 1
configure: failed program was:
| /* confdefs.h */
| #define PACKAGE_NAME ""
| #define PACKAGE_TARNAME ""
| #define PACKAGE_VERSION ""
| #define PACKAGE_STRING ""
| #define PACKAGE_BUGREPORT ""
| #define PACKAGE_URL ""
| #define PACKAGE "libev"
| #define VERSION "4.20"
| #define STDC_HEADERS 1
| #define HAVE_SYS_TYPES_H 1
| #define HAVE_SYS_STAT_H 1
| #define HAVE_STDLIB_H 1
| #define HAVE_STRING_H 1
| #define HAVE_MEMORY_H 1
| #define HAVE_STRINGS_H 1
| #define HAVE_INTTYPES_H 1
| #define HAVE_STDINT_H 1
| #define HAVE_UNISTD_H 1
| #define HAVE_DLFCN_H 1
| #define LT_OBJDIR ".libs/"
| #define HAVE_SYS_INOTIFY_H 1
| #define HAVE_SYS_EPOLL_H 1
| #define HAVE_POLL_H 1
| #define HAVE_SYS_SELECT_H 1
| /* end confdefs.h.  */
| #include <sys/eventfd.h>
configure:11488: result: no
configure:11488: checking for sys/eventfd.h
configure:11488: result: no
configure:11488: checking sys/signalfd.h usability
configure:11488: mipsel-uclibc-gcc -c -DBCMWPA2 -DBCMQOS -DBCM_DCS -DEXT_ACS -DD11AC_IOTYPES -DPHYMON -DPROXYARP -DTRAFFIC_MGMT -DTRAFFIC_MGMT_RSSI_POLICY -DLINUX26 -DCONFIG_BCMWL5 -DDEBUG_NOISY -DDEBUG_RCTEST -pipe -DBCMWPA2 -funit-at-a-time -Wno-pointer-sign -mtune=mips32r2 -mips32r2 -DRTCONFIG_NVRAM_64K  -DLINUX_KERNEL_VERSION=132630  -DRTN66U -D__CONFIG_EMF__ -D__CONFIG_WPS__  conftest.c >&5
configure:11488: $? = 0
configure:11488: result: yes
configure:11488: checking sys/signalfd.h presence
configure:11488: mipsel-uclibc-gcc -E  conftest.c
configure:11488: $? = 0
configure:11488: result: yes
configure:11488: checking for sys/signalfd.h
configure:11488: result: yes
configure:11502: checking for inotify_init
configure:11502: mipsel-uclibc-gcc -o conftest -DBCMWPA2 -DBCMQOS -DBCM_DCS -DEXT_ACS -DD11AC_IOTYPES -DPHYMON -DPROXYARP -DTRAFFIC_MGMT -DTRAFFIC_MGMT_RSSI_POLICY -DLINUX26 -DCONFIG_BCMWL5 -DDEBUG_NOISY -DDEBUG_RCTEST -pipe -DBCMWPA2 -funit-at-a-time -Wno-pointer-sign -mtune=mips32r2 -mips32r2 -DRTCONFIG_NVRAM_64K  -DLINUX_KERNEL_VERSION=132630  -DRTN66U -D__CONFIG_EMF__ -D__CONFIG_WPS__   conftest.c  >&5
configure:11502: $? = 0
configure:11502: result: yes
configure:11502: checking for epoll_ctl
configure:11502: mipsel-uclibc-gcc -o conftest -DBCMWPA2 -DBCMQOS -DBCM_DCS -DEXT_ACS -DD11AC_IOTYPES -DPHYMON -DPROXYARP -DTRAFFIC_MGMT -DTRAFFIC_MGMT_RSSI_POLICY -DLINUX26 -DCONFIG_BCMWL5 -DDEBUG_NOISY -DDEBUG_RCTEST -pipe -DBCMWPA2 -funit-at-a-time -Wno-pointer-sign -mtune=mips32r2 -mips32r2 -DRTCONFIG_NVRAM_64K  -DLINUX_KERNEL_VERSION=132630  -DRTN66U -D__CONFIG_EMF__ -D__CONFIG_WPS__   conftest.c  >&5
configure:11502: $? = 0
configure:11502: result: yes
configure:11502: checking for kqueue
configure:11502: mipsel-uclibc-gcc -o conftest -DBCMWPA2 -DBCMQOS -DBCM_DCS -DEXT_ACS -DD11AC_IOTYPES -DPHYMON -DPROXYARP -DTRAFFIC_MGMT -DTRAFFIC_MGMT_RSSI_POLICY -DLINUX26 -DCONFIG_BCMWL5 -DDEBUG_NOISY -DDEBUG_RCTEST -pipe -DBCMWPA2 -funit-at-a-time -Wno-pointer-sign -mtune=mips32r2 -mips32r2 -DRTCONFIG_NVRAM_64K  -DLINUX_KERNEL_VERSION=132630  -DRTN66U -D__CONFIG_EMF__ -D__CONFIG_WPS__   conftest.c  >&5
/tmp/cc2Gauu5.o: In function `main':
conftest.c:(.text+0x20): undefined reference to `kqueue'
collect2: ld returned 1 exit status
configure:11502: $? = 1
configure: failed program was:
| /* confdefs.h */
| #define PACKAGE_NAME ""
| #define PACKAGE_TARNAME ""
| #define PACKAGE_VERSION ""
| #define PACKAGE_STRING ""
| #define PACKAGE_BUGREPORT ""
| #define PACKAGE_URL ""
| #define PACKAGE "libev"
| #define VERSION "4.20"
| #define STDC_HEADERS 1
| #define HAVE_SYS_TYPES_H 1
| #define HAVE_SYS_STAT_H 1
| #define HAVE_STDLIB_H 1
| #define HAVE_STRING_H 1
| #define HAVE_MEMORY_H 1
| #define HAVE_STRINGS_H 1
| #define HAVE_INTTYPES_H 1
| #define HAVE_STDINT_H 1
| #define HAVE_UNISTD_H 1
| #define HAVE_DLFCN_H 1
| #define LT_OBJDIR ".libs/"
| #define HAVE_SYS_INOTIFY_H 1
| #define HAVE_SYS_EPOLL_H 1
| #define HAVE_POLL_H 1
| #define HAVE_SYS_SELECT_H 1
| #define HAVE_SYS_SIGNALFD_H 1
| #define HAVE_INOTIFY_INIT 1
| #define HAVE_EPOLL_CTL 1
| /* end confdefs.h.  */
| /* Define kqueue to an innocuous variant, in case <limits.h> declares kqueue.
|    For example, HP-UX 11i <limits.h> declares gettimeofday.  */
| #define kqueue innocuous_kqueue
| 
| /* System header to define __stub macros and hopefully few prototypes,
|     which can conflict with char kqueue (); below.
|     Prefer <limits.h> to <assert.h> if __STDC__ is defined, since
|     <limits.h> exists even on freestanding compilers.  */
| 
| #ifdef __STDC__
| # include <limits.h>
| #else
| # include <assert.h>
| #endif
| 
| #undef kqueue
| 
| /* Override any GCC internal prototype to avoid an error.
|    Use char because int might match the return type of a GCC
|    builtin and then its argument prototype would still apply.  */
| #ifdef __cplusplus
| extern "C"
| #endif
| char kqueue ();
| /* The GNU C library defines this for functions which it implements
|     to always fail with ENOSYS.  Some functions are actually named
|     something starting with __ and the normal name is an alias.  */
| #if defined __stub_kqueue || defined __stub___kqueue
| choke me
| #endif
| 
| int
| main ()
| {
| return kqueue ();
|   ;
|   return 0;
| }
configure:11502: result: no
configure:11502: checking for port_create
configure:11502: mipsel-uclibc-gcc -o conftest -DBCMWPA2 -DBCMQOS -DBCM_DCS -DEXT_ACS -DD11AC_IOTYPES -DPHYMON -DPROXYARP -DTRAFFIC_MGMT -DTRAFFIC_MGMT_RSSI_POLICY -DLINUX26 -DCONFIG_BCMWL5 -DDEBUG_NOISY -DDEBUG_RCTEST -pipe -DBCMWPA2 -funit-at-a-time -Wno-pointer-sign -mtune=mips32r2 -mips32r2 -DRTCONFIG_NVRAM_64K  -DLINUX_KERNEL_VERSION=132630  -DRTN66U -D__CONFIG_EMF__ -D__CONFIG_WPS__   conftest.c  >&5
/tmp/ccmqytb7.o: In function `main':
conftest.c:(.text+0x20): undefined reference to `port_create'
collect2: ld returned 1 exit status
configure:11502: $? = 1
configure: failed program was:
| /* confdefs.h */
| #define PACKAGE_NAME ""
| #define PACKAGE_TARNAME ""
| #define PACKAGE_VERSION ""
| #define PACKAGE_STRING ""
| #define PACKAGE_BUGREPORT ""
| #define PACKAGE_URL ""
| #define PACKAGE "libev"
| #define VERSION "4.20"
| #define STDC_HEADERS 1
| #define HAVE_SYS_TYPES_H 1
| #define HAVE_SYS_STAT_H 1
| #define HAVE_STDLIB_H 1
| #define HAVE_STRING_H 1
| #define HAVE_MEMORY_H 1
| #define HAVE_STRINGS_H 1
| #define HAVE_INTTYPES_H 1
| #define HAVE_STDINT_H 1
| #define HAVE_UNISTD_H 1
| #define HAVE_DLFCN_H 1
| #define LT_OBJDIR ".libs/"
| #define HAVE_SYS_INOTIFY_H 1
| #define HAVE_SYS_EPOLL_H 1
| #define HAVE_POLL_H 1
| #define HAVE_SYS_SELECT_H 1
| #define HAVE_SYS_SIGNALFD_H 1
| #define HAVE_INOTIFY_INIT 1
| #define HAVE_EPOLL_CTL 1
| /* end confdefs.h.  */
| /* Define port_create to an innocuous variant, in case <limits.h> declares port_create.
|    For example, HP-UX 11i <limits.h> declares gettimeofday.  */
| #define port_create innocuous_port_create
| 
| /* System header to define __stub macros and hopefully few prototypes,
|     which can conflict with char port_create (); below.
|     Prefer <limits.h> to <assert.h> if __STDC__ is defined, since
|     <limits.h> exists even on freestanding compilers.  */
| 
| #ifdef __STDC__
| # include <limits.h>
| #else
| # include <assert.h>
| #endif
| 
| #undef port_create
| 
| /* Override any GCC internal prototype to avoid an error.
|    Use char because int might match the return type of a GCC
|    builtin and then its argument prototype would still apply.  */
| #ifdef __cplusplus
| extern "C"
| #endif
| char port_create ();
| /* The GNU C library defines this for functions which it implements
|     to always fail with ENOSYS.  Some functions are actually named
|     something starting with __ and the normal name is an alias.  */
| #if defined __stub_port_create || defined __stub___port_create
| choke me
| #endif
| 
| int
| main ()
| {
| return port_create ();
|   ;
|   return 0;
| }
configure:11502: result: no
configure:11502: checking for poll
configure:11502: mipsel-uclibc-gcc -o conftest -DBCMWPA2 -DBCMQOS -DBCM_DCS -DEXT_ACS -DD11AC_IOTYPES -DPHYMON -DPROXYARP -DTRAFFIC_MGMT -DTRAFFIC_MGMT_RSSI_POLICY -DLINUX26 -DCONFIG_BCMWL5 -DDEBUG_NOISY -DDEBUG_RCTEST -pipe -DBCMWPA2 -funit-at-a-time -Wno-pointer-sign -mtune=mips32r2 -mips32r2 -DRTCONFIG_NVRAM_64K  -DLINUX_KERNEL_VERSION=132630  -DRTN66U -D__CONFIG_EMF__ -D__CONFIG_WPS__   conftest.c  >&5
configure:11502: $? = 0
configure:11502: result: yes
configure:11502: checking for select
configure:11502: mipsel-uclibc-gcc -o conftest -DBCMWPA2 -DBCMQOS -DBCM_DCS -DEXT_ACS -DD11AC_IOTYPES -DPHYMON -DPROXYARP -DTRAFFIC_MGMT -DTRAFFIC_MGMT_RSSI_POLICY -DLINUX26 -DCONFIG_BCMWL5 -DDEBUG_NOISY -DDEBUG_RCTEST -pipe -DBCMWPA2 -funit-at-a-time -Wno-pointer-sign -mtune=mips32r2 -mips32r2 -DRTCONFIG_NVRAM_64K  -DLINUX_KERNEL_VERSION=132630  -DRTN66U -D__CONFIG_EMF__ -D__CONFIG_WPS__   conftest.c  >&5
configure:11502: $? = 0
configure:11502: result: yes
configure:11502: checking for eventfd
configure:11502: mipsel-uclibc-gcc -o conftest -DBCMWPA2 -DBCMQOS -DBCM_DCS -DEXT_ACS -DD11AC_IOTYPES -DPHYMON -DPROXYARP -DTRAFFIC_MGMT -DTRAFFIC_MGMT_RSSI_POLICY -DLINUX26 -DCONFIG_BCMWL5 -DDEBUG_NOISY -DDEBUG_RCTEST -pipe -DBCMWPA2 -funit-at-a-time -Wno-pointer-sign -mtune=mips32r2 -mips32r2 -DRTCONFIG_NVRAM_64K  -DLINUX_KERNEL_VERSION=132630  -DRTN66U -D__CONFIG_EMF__ -D__CONFIG_WPS__   conftest.c  >&5
/tmp/cc8WoxRb.o: In function `main':
conftest.c:(.text+0x20): undefined reference to `eventfd'
collect2: ld returned 1 exit status
configure:11502: $? = 1
configure: failed program was:
| /* confdefs.h */
| #define PACKAGE_NAME ""
| #define PACKAGE_TARNAME ""
| #define PACKAGE_VERSION ""
| #define PACKAGE_STRING ""
| #define PACKAGE_BUGREPORT ""
| #define PACKAGE_URL ""
| #define PACKAGE "libev"
| #define VERSION "4.20"
| #define STDC_HEADERS 1
| #define HAVE_SYS_TYPES_H 1
| #define HAVE_SYS_STAT_H 1
| #define HAVE_STDLIB_H 1
| #define HAVE_STRING_H 1
| #define HAVE_MEMORY_H 1
| #define HAVE_STRINGS_H 1
| #define HAVE_INTTYPES_H 1
| #define HAVE_STDINT_H 1
| #define HAVE_UNISTD_H 1
| #define HAVE_DLFCN_H 1
| #define LT_OBJDIR ".libs/"
| #define HAVE_SYS_INOTIFY_H 1
| #define HAVE_SYS_EPOLL_H 1
| #define HAVE_POLL_H 1
| #define HAVE_SYS_SELECT_H 1
| #define HAVE_SYS_SIGNALFD_H 1
| #define HAVE_INOTIFY_INIT 1
| #define HAVE_EPOLL_CTL 1
| #define HAVE_POLL 1
| #define HAVE_SELECT 1
| /* end confdefs.h.  */
| /* Define eventfd to an innocuous variant, in case <limits.h> declares eventfd.
|    For example, HP-UX 11i <limits.h> declares gettimeofday.  */
| #define eventfd innocuous_eventfd
| 
| /* System header to define __stub macros and hopefully few prototypes,
|     which can conflict with char eventfd (); below.
|     Prefer <limits.h> to <assert.h> if __STDC__ is defined, since
|     <limits.h> exists even on freestanding compilers.  */
| 
| #ifdef __STDC__
| # include <limits.h>
| #else
| # include <assert.h>
| #endif
| 
| #undef eventfd
| 
| /* Override any GCC internal prototype to avoid an error.
|    Use char because int might match the return type of a GCC
|    builtin and then its argument prototype would still apply.  */
| #ifdef __cplusplus
| extern "C"
| #endif
| char eventfd ();
| /* The GNU C library defines this for functions which it implements
|     to always fail with ENOSYS.  Some functions are actually named
|     something starting with __ and the normal name is an alias.  */
| #if defined __stub_eventfd || defined __stub___eventfd
| choke me
| #endif
| 
| int
| main ()
| {
| return eventfd ();
|   ;
|   return 0;
| }
configure:11502: result: no
configure:11502: checking for signalfd
configure:11502: mipsel-uclibc-gcc -o conftest -DBCMWPA2 -DBCMQOS -DBCM_DCS -DEXT_ACS -DD11AC_IOTYPES -DPHYMON -DPROXYARP -DTRAFFIC_MGMT -DTRAFFIC_MGMT_RSSI_POLICY -DLINUX26 -DCONFIG_BCMWL5 -DDEBUG_NOISY -DDEBUG_RCTEST -pipe -DBCMWPA2 -funit-at-a-time -Wno-pointer-sign -mtune=mips32r2 -mips32r2 -DRTCONFIG_NVRAM_64K  -DLINUX_KERNEL_VERSION=132630  -DRTN66U -D__CONFIG_EMF__ -D__CONFIG_WPS__   conftest.c  >&5
configure:11502: $? = 0
configure:11502: result: yes
configure:11514: checking for clock_gettime
configure:11514: mipsel-uclibc-gcc -o conftest -DBCMWPA2 -DBCMQOS -DBCM_DCS -DEXT_ACS -DD11AC_IOTYPES -DPHYMON -DPROXYARP -DTRAFFIC_MGMT -DTRAFFIC_MGMT_RSSI_POLICY -DLINUX26 -DCONFIG_BCMWL5 -DDEBUG_NOISY -DDEBUG_RCTEST -pipe -DBCMWPA2 -funit-at-a-time -Wno-pointer-sign -mtune=mips32r2 -mips32r2 -DRTCONFIG_NVRAM_64K  -DLINUX_KERNEL_VERSION=132630  -DRTN66U -D__CONFIG_EMF__ -D__CONFIG_WPS__   conftest.c  >&5
configure:11514: $? = 0
configure:11514: result: yes
configure:11618: checking for nanosleep
configure:11618: mipsel-uclibc-gcc -o conftest -DBCMWPA2 -DBCMQOS -DBCM_DCS -DEXT_ACS -DD11AC_IOTYPES -DPHYMON -DPROXYARP -DTRAFFIC_MGMT -DTRAFFIC_MGMT_RSSI_POLICY -DLINUX26 -DCONFIG_BCMWL5 -DDEBUG_NOISY -DDEBUG_RCTEST -pipe -DBCMWPA2 -funit-at-a-time -Wno-pointer-sign -mtune=mips32r2 -mips32r2 -DRTCONFIG_NVRAM_64K  -DLINUX_KERNEL_VERSION=132630  -DRTN66U -D__CONFIG_EMF__ -D__CONFIG_WPS__   conftest.c  >&5
configure:11618: $? = 0
configure:11618: result: yes
configure:11693: checking for library containing floor
configure:11724: mipsel-uclibc-gcc -o conftest -DBCMWPA2 -DBCMQOS -DBCM_DCS -DEXT_ACS -DD11AC_IOTYPES -DPHYMON -DPROXYARP -DTRAFFIC_MGMT -DTRAFFIC_MGMT_RSSI_POLICY -DLINUX26 -DCONFIG_BCMWL5 -DDEBUG_NOISY -DDEBUG_RCTEST -pipe -DBCMWPA2 -funit-at-a-time -Wno-pointer-sign -mtune=mips32r2 -mips32r2 -DRTCONFIG_NVRAM_64K  -DLINUX_KERNEL_VERSION=132630  -DRTN66U -D__CONFIG_EMF__ -D__CONFIG_WPS__   conftest.c  >&5
conftest.c:42: warning: conflicting types for built-in function 'floor'
/tmp/cc3vwG9g.o: In function `main':
conftest.c:(.text+0x20): undefined reference to `floor'
collect2: ld returned 1 exit status
configure:11724: $? = 1
configure: failed program was:
| /* confdefs.h */
| #define PACKAGE_NAME ""
| #define PACKAGE_TARNAME ""
| #define PACKAGE_VERSION ""
| #define PACKAGE_STRING ""
| #define PACKAGE_BUGREPORT ""
| #define PACKAGE_URL ""
| #define PACKAGE "libev"
| #define VERSION "4.20"
| #define STDC_HEADERS 1
| #define HAVE_SYS_TYPES_H 1
| #define HAVE_SYS_STAT_H 1
| #define HAVE_STDLIB_H 1
| #define HAVE_STRING_H 1
| #define HAVE_MEMORY_H 1
| #define HAVE_STRINGS_H 1
| #define HAVE_INTTYPES_H 1
| #define HAVE_STDINT_H 1
| #define HAVE_UNISTD_H 1
| #define HAVE_DLFCN_H 1
| #define LT_OBJDIR ".libs/"
| #define HAVE_SYS_INOTIFY_H 1
| #define HAVE_SYS_EPOLL_H 1
| #define HAVE_POLL_H 1
| #define HAVE_SYS_SELECT_H 1
| #define HAVE_SYS_SIGNALFD_H 1
| #define HAVE_INOTIFY_INIT 1
| #define HAVE_EPOLL_CTL 1
| #define HAVE_POLL 1
| #define HAVE_SELECT 1
| #define HAVE_SIGNALFD 1
| #define HAVE_CLOCK_GETTIME 1
| #define HAVE_NANOSLEEP 1
| /* end confdefs.h.  */
| 
| /* Override any GCC internal prototype to avoid an error.
|    Use char because int might match the return type of a GCC
|    builtin and then its argument prototype would still apply.  */
| #ifdef __cplusplus
| extern "C"
| #endif
| char floor ();
| int
| main ()
| {
| return floor ();
|   ;
|   return 0;
| }
configure:11724: mipsel-uclibc-gcc -o conftest -DBCMWPA2 -DBCMQOS -DBCM_DCS -DEXT_ACS -DD11AC_IOTYPES -DPHYMON -DPROXYARP -DTRAFFIC_MGMT -DTRAFFIC_MGMT_RSSI_POLICY -DLINUX26 -DCONFIG_BCMWL5 -DDEBUG_NOISY -DDEBUG_RCTEST -pipe -DBCMWPA2 -funit-at-a-time -Wno-pointer-sign -mtune=mips32r2 -mips32r2 -DRTCONFIG_NVRAM_64K  -DLINUX_KERNEL_VERSION=132630  -DRTN66U -D__CONFIG_EMF__ -D__CONFIG_WPS__   conftest.c -lm   >&5
conftest.c:42: warning: conflicting types for built-in function 'floor'
configure:11724: $? = 0
configure:11741: result: -lm
configure:11865: checking that generated files are newer than configure
configure:11871: result: done
configure:11898: creating ./config.status

## ---------------------- ##
## Running config.status. ##
## ---------------------- ##

This file was extended by config.status, which was
generated by GNU Autoconf 2.69.  Invocation command line was

  CONFIG_FILES    = 
  CONFIG_HEADERS  = 
  CONFIG_LINKS    = 
  CONFIG_COMMANDS = 
  $ ./config.status 

on mint-dev

config.status:1098: creating Makefile
config.status:1098: creating config.h
config.status:1327: executing depfiles commands
config.status:1327: executing libtool commands

## ---------------- ##
## Cache variables. ##
## ---------------- ##

ac_cv_build=x86_64-unknown-linux-uclibc
ac_cv_c_compiler_gnu=yes
ac_cv_env_CC_set=set
ac_cv_env_CC_value=mipsel-uclibc-gcc
ac_cv_env_CFLAGS_set=set
ac_cv_env_CFLAGS_value='-DBCMWPA2 -DBCMQOS -DBCM_DCS -DEXT_ACS -DD11AC_IOTYPES -DPHYMON -DPROXYARP -DTRAFFIC_MGMT -DTRAFFIC_MGMT_RSSI_POLICY -DLINUX26 -DCONFIG_BCMWL5 -DDEBUG_NOISY -DDEBUG_RCTEST -pipe -DBCMWPA2 -funit-at-a-time -Wno-pointer-sign -mtune=mips32r2 -mips32r2 -DRTCONFIG_NVRAM_64K  -DLINUX_KERNEL_VERSION=132630  -DRTN66U -D__CONFIG_EMF__ -D__CONFIG_WPS__'
ac_cv_env_CPPFLAGS_set=
ac_cv_env_CPPFLAGS_value=
ac_cv_env_CPP_set=
ac_cv_env_CPP_value=
ac_cv_env_LDFLAGS_set=
ac_cv_env_LDFLAGS_value=
ac_cv_env_LIBS_set=
ac_cv_env_LIBS_value=
ac_cv_env_build_alias_set=set
ac_cv_env_build_alias_value=
ac_cv_env_host_alias_set=set
ac_cv_env_host_alias_value=arm-linux
ac_cv_env_target_alias_set=
ac_cv_env_target_alias_value=
ac_cv_func_clock_gettime=yes
ac_cv_func_epoll_ctl=yes
ac_cv_func_eventfd=no
ac_cv_func_inotify_init=yes
ac_cv_func_kqueue=no
ac_cv_func_nanosleep=yes
ac_cv_func_poll=yes
ac_cv_func_port_create=no
ac_cv_func_select=yes
ac_cv_func_signalfd=yes
ac_cv_header_dlfcn_h=yes
ac_cv_header_inttypes_h=yes
ac_cv_header_memory_h=yes
ac_cv_header_poll_h=yes
ac_cv_header_port_h=no
ac_cv_header_stdc=yes
ac_cv_header_stdint_h=yes
ac_cv_header_stdlib_h=yes
ac_cv_header_string_h=yes
ac_cv_header_strings_h=yes
ac_cv_header_sys_epoll_h=yes
ac_cv_header_sys_event_h=no
ac_cv_header_sys_eventfd_h=no
ac_cv_header_sys_inotify_h=yes
ac_cv_header_sys_select_h=yes
ac_cv_header_sys_signalfd_h=yes
ac_cv_header_sys_stat_h=yes
ac_cv_header_sys_types_h=yes
ac_cv_header_unistd_h=yes
ac_cv_host=arm-unknown-linux-gnu
ac_cv_objext=o
ac_cv_path_EGREP='/bin/grep -E'
ac_cv_path_FGREP='/bin/grep -F'
ac_cv_path_GREP=/bin/grep
ac_cv_path_SED=/bin/sed
ac_cv_path_install='/usr/bin/install -c'
ac_cv_path_mkdir=/bin/mkdir
ac_cv_prog_AR=mipsel-uclibc-ar
ac_cv_prog_AWK=gawk
ac_cv_prog_CC=mipsel-uclibc-gcc
ac_cv_prog_CPP='mipsel-uclibc-gcc -E'
ac_cv_prog_OBJDUMP=mipsel-uclibc-objdump
ac_cv_prog_RANLIB=mipsel-uclibc-ranlib
ac_cv_prog_STRIP='mipsel-uclibc-strip -R .note -R .comment'
ac_cv_prog_ac_ct_MANIFEST_TOOL=mt
ac_cv_prog_cc_c89=
ac_cv_prog_cc_g=yes
ac_cv_prog_make_make_set=yes
ac_cv_search_floor=-lm
am_cv_CC_dependencies_compiler_type=gcc3
am_cv_make_support_nested_variables=yes
am_cv_prog_cc_c_o=yes
lt_cv_ar_at_file=@
lt_cv_archive_cmds_need_lc=no
lt_cv_deplibs_check_method=pass_all
lt_cv_file_magic_cmd='$MAGIC_CMD'
lt_cv_file_magic_test_file=
lt_cv_ld_reload_flag=-r
lt_cv_nm_interface='BSD nm'
lt_cv_objdir=.libs
lt_cv_path_LD=mipsel-uclibc-ld
lt_cv_path_NM=mipsel-uclibc-nm
lt_cv_path_mainfest_tool=no
lt_cv_prog_compiler_c_o=yes
lt_cv_prog_compiler_pic='-fPIC -DPIC'
lt_cv_prog_compiler_pic_works=yes
lt_cv_prog_compiler_rtti_exceptions=no
lt_cv_prog_compiler_static_works=yes
lt_cv_prog_gnu_ld=yes
lt_cv_sharedlib_from_linklib_cmd='printf %s\n'
lt_cv_shlibpath_overrides_runpath=no
lt_cv_sys_global_symbol_pipe='sed -n -e '\''s/^.*[	 ]\([ABCDGIRSTW][ABCDGIRSTW]*\)[	 ][	 ]*\([_A-Za-z][_A-Za-z0-9]*\)$/\1 \2 \2/p'\'' | sed '\''/ __gnu_lto/d'\'''
lt_cv_sys_global_symbol_to_c_name_address='sed -n -e '\''s/^: \([^ ]*\)[ ]*$/  {\"\1\", (void *) 0},/p'\'' -e '\''s/^[ABCDGIRSTW]* \([^ ]*\) \([^ ]*\)$/  {"\2", (void *) \&\2},/p'\'''
lt_cv_sys_global_symbol_to_c_name_address_lib_prefix='sed -n -e '\''s/^: \([^ ]*\)[ ]*$/  {\"\1\", (void *) 0},/p'\'' -e '\''s/^[ABCDGIRSTW]* \([^ ]*\) \(lib[^ ]*\)$/  {"\2", (void *) \&\2},/p'\'' -e '\''s/^[ABCDGIRSTW]* \([^ ]*\) \([^ ]*\)$/  {"lib\2", (void *) \&\2},/p'\'''
lt_cv_sys_global_symbol_to_cdecl='sed -n -e '\''s/^T .* \(.*\)$/extern int \1();/p'\'' -e '\''s/^[ABCDGIRSTW]* .* \(.*\)$/extern char \1;/p'\'''
lt_cv_sys_max_cmd_len=3458764513820540925
lt_cv_to_host_file_cmd=func_convert_file_noop
lt_cv_to_tool_file_cmd=func_convert_file_noop

## ----------------- ##
## Output variables. ##
## ----------------- ##

ACLOCAL='${SHELL} /home/merlin/asuswrt-merlin/release/src/router/wtfast/libev-4.20/missing aclocal-1.14'
AMDEPBACKSLASH='\'
AMDEP_FALSE='#'
AMDEP_TRUE=''
AMTAR='$${TAR-tar}'
AM_BACKSLASH='\'
AM_DEFAULT_V='$(AM_DEFAULT_VERBOSITY)'
AM_DEFAULT_VERBOSITY='1'
AM_V='$(V)'
AR='mipsel-uclibc-ar'
AUTOCONF='${SHELL} /home/merlin/asuswrt-merlin/release/src/router/wtfast/libev-4.20/missing autoconf'
AUTOHEADER='${SHELL} /home/merlin/asuswrt-merlin/release/src/router/wtfast/libev-4.20/missing autoheader'
AUTOMAKE='${SHELL} /home/merlin/asuswrt-merlin/release/src/router/wtfast/libev-4.20/missing automake-1.14'
AWK='gawk'
CC='mipsel-uclibc-gcc'
CCDEPMODE='depmode=gcc3'
CFLAGS='-DBCMWPA2 -DBCMQOS -DBCM_DCS -DEXT_ACS -DD11AC_IOTYPES -DPHYMON -DPROXYARP -DTRAFFIC_MGMT -DTRAFFIC_MGMT_RSSI_POLICY -DLINUX26 -DCONFIG_BCMWL5 -DDEBUG_NOISY -DDEBUG_RCTEST -pipe -DBCMWPA2 -funit-at-a-time -Wno-pointer-sign -mtune=mips32r2 -mips32r2 -DRTCONFIG_NVRAM_64K  -DLINUX_KERNEL_VERSION=132630  -DRTN66U -D__CONFIG_EMF__ -D__CONFIG_WPS__'
CPP='mipsel-uclibc-gcc -E'
CPPFLAGS=''
CYGPATH_W='echo'
DEFS='-DHAVE_CONFIG_H'
DEPDIR='.deps'
DLLTOOL='false'
DSYMUTIL=''
DUMPBIN=''
ECHO_C=''
ECHO_N='-n'
ECHO_T=''
EGREP='/bin/grep -E'
EXEEXT=''
FGREP='/bin/grep -F'
GREP='/bin/grep'
INSTALL_DATA='${INSTALL} -m 644'
INSTALL_PROGRAM='${INSTALL}'
INSTALL_SCRIPT='${INSTALL}'
INSTALL_STRIP_PROGRAM='$(install_sh) -c -s'
LD='mipsel-uclibc-ld'
LDFLAGS=''
LIBOBJS=''
LIBS='-lm '
LIBTOOL='$(SHELL) $(top_builddir)/libtool'
LIPO=''
LN_S='ln -s'
LTLIBOBJS=''
MAINT='#'
MAINTAINER_MODE_FALSE=''
MAINTAINER_MODE_TRUE='#'
MAKEINFO='${SHELL} /home/merlin/asuswrt-merlin/release/src/router/wtfast/libev-4.20/missing makeinfo'
MANIFEST_TOOL=':'
MKDIR_P='/bin/mkdir -p'
NM='mipsel-uclibc-nm'
NMEDIT=''
OBJDUMP='mipsel-uclibc-objdump'
OBJEXT='o'
OTOOL64=''
OTOOL=''
PACKAGE='libev'
PACKAGE_BUGREPORT=''
PACKAGE_NAME=''
PACKAGE_STRING=''
PACKAGE_TARNAME=''
PACKAGE_URL=''
PACKAGE_VERSION=''
PATH_SEPARATOR=':'
RANLIB='mipsel-uclibc-ranlib'
SED='/bin/sed'
SET_MAKE=''
SHELL='/bin/bash'
STRIP='mipsel-uclibc-strip -R .note -R .comment'
VERSION='4.20'
ac_ct_AR=''
ac_ct_CC=''
ac_ct_DUMPBIN=''
am__EXEEXT_FALSE=''
am__EXEEXT_TRUE='#'
am__fastdepCC_FALSE='#'
am__fastdepCC_TRUE=''
am__include='include'
am__isrc=''
am__leading_dot='.'
am__nodep='_no'
am__quote=''
am__tar='$${TAR-tar} chof - "$$tardir"'
am__untar='$${TAR-tar} xf -'
bindir='${exec_prefix}/bin'
build='x86_64-unknown-linux-uclibc'
build_alias=''
build_cpu='x86_64'
build_os='linux-uclibc'
build_vendor='unknown'
datadir='${datarootdir}'
datarootdir='${prefix}/share'
docdir='${datarootdir}/doc/${PACKAGE}'
dvidir='${docdir}'
exec_prefix='${prefix}'
host='arm-unknown-linux-gnu'
host_alias='arm-linux'
host_cpu='arm'
host_os='linux-gnu'
host_vendor='unknown'
htmldir='${docdir}'
includedir='${prefix}/include'
infodir='${datarootdir}/info'
install_sh='${SHELL} /home/merlin/asuswrt-merlin/release/src/router/wtfast/libev-4.20/install-sh'
libdir='${exec_prefix}/lib'
libexecdir='${exec_prefix}/libexec'
localedir='${datarootdir}/locale'
localstatedir='${prefix}/var'
mandir='${datarootdir}/man'
mkdir_p='$(MKDIR_P)'
oldincludedir='/usr/include'
pdfdir='${docdir}'
prefix='/usr/local'
program_transform_name='s,x,x,'
psdir='${docdir}'
sbindir='${exec_prefix}/sbin'
sharedstatedir='${prefix}/com'
sysconfdir='${prefix}/etc'
target_alias=''

## ----------- ##
## confdefs.h. ##
## ----------- ##

/* confdefs.h */
#define PACKAGE_NAME ""
#define PACKAGE_TARNAME ""
#define PACKAGE_VERSION ""
#define PACKAGE_STRING ""
#define PACKAGE_BUGREPORT ""
#define PACKAGE_URL ""
#define PACKAGE "libev"
#define VERSION "4.20"
#define STDC_HEADERS 1
#define HAVE_SYS_TYPES_H 1
#define HAVE_SYS_STAT_H 1
#define HAVE_STDLIB_H 1
#define HAVE_STRING_H 1
#define HAVE_MEMORY_H 1
#define HAVE_STRINGS_H 1
#define HAVE_INTTYPES_H 1
#define HAVE_STDINT_H 1
#define HAVE_UNISTD_H 1
#define HAVE_DLFCN_H 1
#define LT_OBJDIR ".libs/"
#define HAVE_SYS_INOTIFY_H 1
#define HAVE_SYS_EPOLL_H 1
#define HAVE_POLL_H 1
#define HAVE_SYS_SELECT_H 1
#define HAVE_SYS_SIGNALFD_H 1
#define HAVE_INOTIFY_INIT 1
#define HAVE_EPOLL_CTL 1
#define HAVE_POLL 1
#define HAVE_SELECT 1
#define HAVE_SIGNALFD 1
#define HAVE_CLOCK_GETTIME 1
#define HAVE_NANOSLEEP 1
#define HAVE_FLOOR 1

configure: exit 0
