271       555
390       855
508      1161
631      1605
749      2117
871      2687
991      3329
1108      4084
1231      4786
1351      5624
1470      6392
1586      7364
1710      8218
1830      9255
1951     10217
2067     11461
2191     12463
2308     13677
2430     14800
2551     16232
2671     17460
2791     18899
2902     20247
3028     21902
3151     23240
3267     24927
3391     26441
3511     28277
3631     29838
3749     31751
3869     33673
3989     35431
4111     37518
4231     39426
4349     41504
4471     43567
4591     45786
4711     47876
4831     50299
4951     52427
5071     54785
5189     57241
5307     59730
5431     62194
5551     64761
5670     67322
5789     70073
5907     72663
6030     75437
6151     78242
6268     81202
6389     83948
6509     86985
6631     89903
6747     93184
6869     96044
6991     99286
7109    102395
7229    105917
7351    108940
7470    112490
7589    115702
7711    119508
7831    122632
7951    126410
8071    129808
8190    133895
8311    137146
8431    141218
8549    144732
8667    149131
8790    152462
8911    156754
9030    160479
9149    165138
9271    168601
9391    173185
9511    176988
9627    181976
9751    185539
9870    190388
9991    194335
10110    199605
10228    203298
