271       560
391       870
511      1159
631      1605
750      2111
871      2737
991      3361
1111      4054
1231      4778
1351      5600
1471      6404
1591      7323
1710      8255
1831      9239
1948     10257
2070     11397
2190     12531
2308     13665
2429     14870
2550     16175
2671     17539
2787     18879
2911     20350
3031     21807
3150     23415
3270     24897
3388     26567
3511     28205
3627     30076
3751     31744
3869     33657
3991     35425
4111     37522
4229     39363
4351     41503
4470     43491
4590     45827
4711     47795
4828     50166
4951     52318
5070     54911
5191     57036
5308     58237
5431     60248
5551     62678
5671     64786
5791     67294
5908     69343
6031     71607
6151     74166
6271     76590
6391     78734
6511     81175
6631     83742
6750     86403
6868     88873
6990     91150
7110     94211
7228     96922
7351     99445
7469    102216
7589    104968
7711    108113
7827    110758
7950    113714
8071    116511
8186    119643
8310    122679
8425    125581
8551    128715
8669    131778
8788    135116
8910    138138
9031    141628
9148    144754
9268    148367
9391    151551
9511    155033
9631    158652
9751    162125
9871    165248
9988    168627
10111    172427
10231    176412
