265       562
389       882
509      1207
631      1572
750      1990
859      2433
991      2894
1109      3555
1230      4228
1350      5018
1471      5805
1591      6579
1709      7415
1829      8329
1949      9225
2071     10139
2188     11239
2309     12178
2431     13212
2551     14294
2671     15551
2791     16512
2911     17718
3030     18876
3150     20259
3270     21374
3391     22650
3511     23948
3631     25493
3750     26756
3870     28225
3989     29705
4110     31409
4230     32834
4351     34327
4471     35818
4591     37636
4711     39228
4830     40868
4949     42393
5070     44541
5191     46269
5310     48162
5429     49728
5548     51985
5671     53948
5791     55885
5910     57584
6031     60082
6150     62239
6270     64309
6390     66014
6511     68766
6631     71012
6750     73172
6871     74952
6991     77909
7111     80371
7231     82666
7351     84531
7469     87698
7589     90318
7711    225384
7830    232428
7950    240009
8070    246522
8190    253662
8310    260961
8431    269253
8549    275743
8671    283769
8789    290811
8911    300034
9030    306873
9149    315085
9270    323944
9390    332390
9508    337519
9631    348986
9749    356904
9871    367013
9989    373831
10108    381033
10230    393475
