271       560
388       878
511      1179
629      1625
751      1988
871      2423
989      2896
1111      3561
1231      4209
1350      5015
1470      5804
1591      6556
1709      7420
1831      8263
1951      9173
2070     10153
2191     11229
2310     12167
2431     13211
2550     14309
2671     15524
2788     16525
2910     17712
3028     18822
3148     20220
3271     21343
3391     22652
3511     23944
3630     25485
3750     26778
3868     28201
3990     29653
4111     31393
4225     32841
4350     34328
4471     35786
4590     37652
4711     39245
4830     40876
4951     42433
5068     44547
5191     46321
5311     48140
5430     49727
5550     52034
5671     53954
5791     55921
5908     57597
6031     60084
6148     62226
6270     64295
6390     66045
6511     68779
6629     71003
6751     73169
6871     74992
6991     77895
7110     80376
7231     82628
7351     84468
7470     87664
7591     90284
7711     91352
7828     93995
7950     96276
8071     98691
8190    101256
8308    103631
8431    105222
8550    108343
8671    110281
8787    112764
8911    115397
9031    117690
9151    120266
9271    122715
9391    124624
9510    127937
9630    130313
9750    132914
9871    136129
9991    138517
10108    141525
10231    144225
